[INFO] Scanning for projects...
[INFO] 
[INFO] ------------------< com.bs23:event_management_system >------------------
[INFO] Building event_management_system 0.0.1-SNAPSHOT
[INFO]   from pom.xml
[INFO] --------------------------------[ jar ]---------------------------------
[INFO] 
[INFO] >>> spring-boot:3.5.3:run (default-cli) > test-compile @ event_management_system >>>
[INFO] 
[INFO] --- resources:3.3.1:resources (default-resources) @ event_management_system ---
[INFO] Copying 1 resource from src\main\resources to target\classes
[INFO] Copying 0 resource from src\main\resources to target\classes
[INFO] 
[INFO] --- compiler:3.14.0:compile (default-compile) @ event_management_system ---
[INFO] Recompiling the module because of added or removed source files.
[INFO] Compiling 63 source files with javac [debug parameters release 17] to target\classes
[INFO] 
[INFO] --- resources:3.3.1:testResources (default-testResources) @ event_management_system ---
[INFO] skip non existing resourceDirectory c:\Users\Shakib\IdeaProjects\event_management_system\src\test\resources
[INFO] 
[INFO] --- compiler:3.14.0:testCompile (default-testCompile) @ event_management_system ---
[INFO] Recompiling the module because of changed dependency.
[INFO] Compiling 1 source file with javac [debug parameters release 17] to target\test-classes
[INFO] 
[INFO] <<< spring-boot:3.5.3:run (default-cli) < test-compile @ event_management_system <<<
[INFO] 
[INFO] 
[INFO] --- spring-boot:3.5.3:run (default-cli) @ event_management_system ---
[INFO] Attaching agents: []

  .   ____          _            __ _ _
 /\\ / ___'_ __ _ _(_)_ __  __ _ \ \ \ \
( ( )\___ | '_ | '_| | '_ \/ _` | \ \ \ \
 \\/  ___)| |_)| | | | | || (_| |  ) ) ) )
  '  |____| .__|_| |_|_| |_\__, | / / / /
 =========|_|==============|___/=/_/_/_/

 :: Spring Boot ::                (v3.5.3)

2025-12-10T17:56:30.972+06:00  INFO 11104 --- [event_management_system] [  restartedMain] c.e.EventManagementSystemApplication     : Starting EventManagementSystemApplication using Java 21.0.9 with PID 11104 (c:\Users\Shakib\IdeaProjects\event_management_system\target\classes started by Shakib in c:\Users\Shakib\IdeaProjects\event_management_system)
2025-12-10T17:56:30.975+06:00  INFO 11104 --- [event_management_system] [  restartedMain] c.e.EventManagementSystemApplication     : No active profile set, falling back to 1 default profile: "default"
2025-12-10T17:56:31.010+06:00  INFO 11104 --- [event_management_system] [  restartedMain] .e.DevToolsPropertyDefaultsPostProcessor : Devtools property defaults active! Set 'spring.devtools.add-properties' to 'false' to disable
2025-12-10T17:56:31.010+06:00  INFO 11104 --- [event_management_system] [  restartedMain] .e.DevToolsPropertyDefaultsPostProcessor : For additional web related logging consider setting the 'logging.level.web' property to 'DEBUG'
2025-12-10T17:56:31.737+06:00  INFO 11104 --- [event_management_system] [  restartedMain] .s.d.r.c.RepositoryConfigurationDelegate : Bootstrapping Spring Data JPA repositories in DEFAULT mode.
2025-12-10T17:56:31.806+06:00  INFO 11104 --- [event_management_system] [  restartedMain] .s.d.r.c.RepositoryConfigurationDelegate : Finished Spring Data repository scanning in 59 ms. Found 8 JPA repository interfaces.
2025-12-10T17:56:32.329+06:00  INFO 11104 --- [event_management_system] [  restartedMain] o.s.b.w.embedded.tomcat.TomcatWebServer  : Tomcat initialized with port 8083 (http)
2025-12-10T17:56:32.341+06:00  INFO 11104 --- [event_management_system] [  restartedMain] o.apache.catalina.core.StandardService   : Starting service [Tomcat]
2025-12-10T17:56:32.341+06:00  INFO 11104 --- [event_management_system] [  restartedMain] o.apache.catalina.core.StandardEngine    : Starting Servlet engine: [Apache Tomcat/10.1.42]
2025-12-10T17:56:32.383+06:00  INFO 11104 --- [event_management_system] [  restartedMain] o.a.c.c.C.[Tomcat].[localhost].[/]       : Initializing Spring embedded WebApplicationContext
2025-12-10T17:56:32.384+06:00  INFO 11104 --- [event_management_system] [  restartedMain] w.s.c.ServletWebServerApplicationContext : Root WebApplicationContext: initialization completed in 1373 ms
2025-12-10T17:56:32.493+06:00  INFO 11104 --- [event_management_system] [  restartedMain] o.hibernate.jpa.internal.util.LogHelper  : HHH000204: Processing PersistenceUnitInfo [name: default]
2025-12-10T17:56:32.534+06:00  INFO 11104 --- [event_management_system] [  restartedMain] org.hibernate.Version                    : HHH000412: Hibernate ORM core version 6.6.18.Final
2025-12-10T17:56:32.560+06:00  INFO 11104 --- [event_management_system] [  restartedMain] o.h.c.internal.RegionFactoryInitiator    : HHH000026: Second-level cache disabled
2025-12-10T17:56:32.799+06:00  INFO 11104 --- [event_management_system] [  restartedMain] o.s.o.j.p.SpringPersistenceUnitInfo      : No LoadTimeWeaver setup: ignoring JPA class transformer
2025-12-10T17:56:32.825+06:00  INFO 11104 --- [event_management_system] [  restartedMain] com.zaxxer.hikari.HikariDataSource       : HikariPool-1 - Starting...
2025-12-10T17:56:32.978+06:00  INFO 11104 --- [event_management_system] [  restartedMain] com.zaxxer.hikari.pool.HikariPool        : HikariPool-1 - Added connection com.mysql.cj.jdbc.ConnectionImpl@7f13399
2025-12-10T17:56:32.980+06:00  INFO 11104 --- [event_management_system] [  restartedMain] com.zaxxer.hikari.HikariDataSource       : HikariPool-1 - Start completed.
2025-12-10T17:56:33.048+06:00  INFO 11104 --- [event_management_system] [  restartedMain] org.hibernate.orm.connections.pooling    : HHH10001005: Database info:
	Database JDBC URL [Connecting through datasource 'HikariDataSource (HikariPool-1)']
	Database driver: undefined/unknown
	Database version: 8.0.44
	Autocommit mode: undefined/unknown
	Isolation level: undefined/unknown
	Minimum pool size: undefined/unknown
	Maximum pool size: undefined/unknown
2025-12-10T17:56:33.975+06:00  INFO 11104 --- [event_management_system] [  restartedMain] o.h.e.t.j.p.i.JtaPlatformInitiator       : HHH000489: No JTA platform available (set 'hibernate.transaction.jta.platform' to enable JTA platform integration)
Hibernate: alter table app_events modify column status enum ('ACTIVE','INACTIVE','OFF') not null
Hibernate: alter table app_events modify column visibility enum ('INVITE_ONLY','PRIVATE','PUBLIC') not null
Hibernate: alter table app_permissions modify column status enum ('ACTIVE','INACTIVE','OFF') not null
Hibernate: alter table app_roles modify column status enum ('ACTIVE','INACTIVE','OFF') not null
Hibernate: alter table app_users modify column status enum ('ACTIVE','INACTIVE','OFF') not null
Hibernate: alter table role_permissions modify column status enum ('ACTIVE','INACTIVE','OFF') not null
2025-12-10T17:56:34.157+06:00  INFO 11104 --- [event_management_system] [  restartedMain] j.LocalContainerEntityManagerFactoryBean : Initialized JPA EntityManagerFactory for persistence unit 'default'
Hibernate: select count(*) from app_permissions p1_0
Hibernate: select count(*) from app_roles r1_0
Hibernate: select count(*) from app_users u1_0
2025-12-10T17:56:35.241+06:00  INFO 11104 --- [event_management_system] [  restartedMain] r$InitializeUserDetailsManagerConfigurer : Global AuthenticationManager configured with UserDetailsService bean with name customUserDetailsService
2025-12-10T17:56:35.572+06:00  INFO 11104 --- [event_management_system] [  restartedMain] o.s.b.d.a.OptionalLiveReloadServer       : LiveReload server is running on port 35729
2025-12-10T17:56:35.601+06:00  INFO 11104 --- [event_management_system] [  restartedMain] o.s.b.w.embedded.tomcat.TomcatWebServer  : Tomcat started on port 8083 (http) with context path '/'
2025-12-10T17:56:35.609+06:00  INFO 11104 --- [event_management_system] [  restartedMain] c.e.EventManagementSystemApplication     : Started EventManagementSystemApplication in 4.982 seconds (process running for 5.361)
2025-12-10T17:59:30.513+06:00  INFO 11104 --- [event_management_system] [nio-8083-exec-1] o.a.c.c.C.[Tomcat].[localhost].[/]       : Initializing Spring DispatcherServlet 'dispatcherServlet'
2025-12-10T17:59:30.513+06:00  INFO 11104 --- [event_management_system] [nio-8083-exec-1] o.s.web.servlet.DispatcherServlet        : Initializing Servlet 'dispatcherServlet'
2025-12-10T17:59:30.515+06:00  INFO 11104 --- [event_management_system] [nio-8083-exec-1] o.s.web.servlet.DispatcherServlet        : Completed initialization in 1 ms
2025-12-10T17:59:30.677+06:00  INFO 11104 --- [event_management_system] [nio-8083-exec-1] c.e.controller.AuthController            : Login attempt for email: admin@example.com
2025-12-10T17:59:30.678+06:00  INFO 11104 --- [event_management_system] [nio-8083-exec-1] c.e.service.AuthService                  : Attempting authentication for email: admin@example.com
Hibernate: select u1_0.id,u1_0.created_at,u1_0.created_by,u1_0.deleted,u1_0.email,u1_0.full_name,u1_0.password,u1_0.role_id,u1_0.status,u1_0.updated_at,u1_0.updated_by from app_users u1_0 where u1_0.email=?
2025-12-10T17:59:30.739+06:00  WARN 11104 --- [event_management_system] [nio-8083-exec-1] c.e.service.AuthService                  : User not found with email: admin@example.com
2025-12-10T17:59:30.740+06:00  WARN 11104 --- [event_management_system] [nio-8083-exec-1] c.e.controller.AuthController            : Login failed for email: admin@example.com - Error: Invalid credentials
2025-12-10T18:01:12.156+06:00  INFO 11104 --- [event_management_system] [nio-8083-exec-2] c.e.controller.AuthController            : Login attempt for email: superadmin@ems.com
2025-12-10T18:01:12.157+06:00  INFO 11104 --- [event_management_system] [nio-8083-exec-2] c.e.service.AuthService                  : Attempting authentication for email: superadmin@ems.com
Hibernate: select u1_0.id,u1_0.created_at,u1_0.created_by,u1_0.deleted,u1_0.email,u1_0.full_name,u1_0.password,u1_0.role_id,u1_0.status,u1_0.updated_at,u1_0.updated_by from app_users u1_0 where u1_0.email=?
Hibernate: select r1_0.id,r1_0.created_at,r1_0.created_by,r1_0.deleted,r1_0.name,rp1_0.role_id,rp1_0.permission_id,rp1_0.created_at,rp1_0.created_by,rp1_0.deleted,p1_0.id,p1_0.created_at,p1_0.created_by,p1_0.deleted,p1_0.description,p1_0.name,p1_0.status,p1_0.updated_at,p1_0.updated_by,rp1_0.status,rp1_0.updated_at,rp1_0.updated_by,r1_0.status,r1_0.updated_at,r1_0.updated_by from app_roles r1_0 left join role_permissions rp1_0 on r1_0.id=rp1_0.role_id left join app_permissions p1_0 on p1_0.id=rp1_0.permission_id where r1_0.id=?
2025-12-10T18:01:12.482+06:00  INFO 11104 --- [event_management_system] [nio-8083-exec-2] c.e.service.AuthService                  : Password validated successfully for user: 1
2025-12-10T18:01:12.563+06:00  INFO 11104 --- [event_management_system] [nio-8083-exec-2] c.e.service.JwtService                   : Generated token for user: 1 with UUID: 6129acb0-f3f4-4456-9721-a74b97e0ebff
2025-12-10T18:01:12.564+06:00  INFO 11104 --- [event_management_system] [nio-8083-exec-2] c.e.service.JwtService                   : Generated token for user: 1 with UUID: f4387bec-a4a9-47ab-b7ea-2051185ba133
2025-12-10T18:01:12.595+06:00  INFO 11104 --- [event_management_system] [nio-8083-exec-2] c.e.service.AuthService                  : Tokens cached for user: 1
Hibernate: insert into user_login_logout_history (created_at,created_by,device_info,login_status,login_time,logout_time,request_from,request_ip,updated_at,user_id,user_token,user_type) values (?,?,?,?,?,?,?,?,?,?,?,?)
2025-12-10T18:01:12.644+06:00  WARN 11104 --- [event_management_system] [nio-8083-exec-2] o.h.engine.jdbc.spi.SqlExceptionHelper   : SQL Error: 1048, SQLState: 23000
2025-12-10T18:01:12.645+06:00 ERROR 11104 --- [event_management_system] [nio-8083-exec-2] o.h.engine.jdbc.spi.SqlExceptionHelper   : Column 'user_type' cannot be null
2025-12-10T18:01:12.650+06:00 ERROR 11104 --- [event_management_system] [nio-8083-exec-2] c.e.service.AuthService                  : Failed to record login history: could not execute statement [Column 'user_type' cannot be null] [insert into user_login_logout_history (created_at,created_by,device_info,login_status,login_time,logout_time,request_from,request_ip,updated_at,user_id,user_token,user_type) values (?,?,?,?,?,?,?,?,?,?,?,?)]; SQL [insert into user_login_logout_history (created_at,created_by,device_info,login_status,login_time,logout_time,request_from,request_ip,updated_at,user_id,user_token,user_type) values (?,?,?,?,?,?,?,?,?,?,?,?)]; constraint [null]
2025-12-10T18:01:12.650+06:00  INFO 11104 --- [event_management_system] [nio-8083-exec-2] c.e.service.AuthService                  : Authentication successful for user: 1 (email: superadmin@ems.com)
2025-12-10T18:01:12.651+06:00  INFO 11104 --- [event_management_system] [nio-8083-exec-2] c.e.controller.AuthController            : Login successful for email: superadmin@ems.com
2025-12-10T18:02:20.807+06:00  INFO 11104 --- [event_management_system] [   File Watcher] rtingClassPathChangeChangedEventListener : Restarting due to 1 class path change (0 additions, 0 deletions, 1 modification)
2025-12-10T18:02:20.809+06:00  INFO 11104 --- [event_management_system] [       Thread-5] o.s.b.w.e.tomcat.GracefulShutdown        : Commencing graceful shutdown. Waiting for active requests to complete
2025-12-10T18:02:20.815+06:00  INFO 11104 --- [event_management_system] [tomcat-shutdown] o.s.b.w.e.tomcat.GracefulShutdown        : Graceful shutdown complete
2025-12-10T18:02:20.820+06:00  INFO 11104 --- [event_management_system] [       Thread-5] j.LocalContainerEntityManagerFactoryBean : Closing JPA EntityManagerFactory for persistence unit 'default'
2025-12-10T18:02:20.822+06:00  INFO 11104 --- [event_management_system] [       Thread-5] com.zaxxer.hikari.HikariDataSource       : HikariPool-1 - Shutdown initiated...
2025-12-10T18:02:20.827+06:00  INFO 11104 --- [event_management_system] [       Thread-5] com.zaxxer.hikari.HikariDataSource       : HikariPool-1 - Shutdown completed.

  .   ____          _            __ _ _
 /\\ / ___'_ __ _ _(_)_ __  __ _ \ \ \ \
( ( )\___ | '_ | '_| | '_ \/ _` | \ \ \ \
 \\/  ___)| |_)| | | | | || (_| |  ) ) ) )
  '  |____| .__|_| |_|_| |_\__, | / / / /
 =========|_|==============|___/=/_/_/_/

 :: Spring Boot ::                (v3.5.3)

2025-12-10T18:02:20.901+06:00  INFO 11104 --- [event_management_system] [  restartedMain] c.e.EventManagementSystemApplication     : Starting EventManagementSystemApplication using Java 21.0.9 with PID 11104 (c:\Users\Shakib\IdeaProjects\event_management_system\target\classes started by Shakib in c:\Users\Shakib\IdeaProjects\event_management_system)
2025-12-10T18:02:20.901+06:00  INFO 11104 --- [event_management_system] [  restartedMain] c.e.EventManagementSystemApplication     : No active profile set, falling back to 1 default profile: "default"
2025-12-10T18:02:21.174+06:00  INFO 11104 --- [event_management_system] [  restartedMain] .s.d.r.c.RepositoryConfigurationDelegate : Bootstrapping Spring Data JPA repositories in DEFAULT mode.
2025-12-10T18:02:21.205+06:00  INFO 11104 --- [event_management_system] [  restartedMain] .s.d.r.c.RepositoryConfigurationDelegate : Finished Spring Data repository scanning in 29 ms. Found 8 JPA repository interfaces.
2025-12-10T18:02:21.344+06:00  INFO 11104 --- [event_management_system] [  restartedMain] o.s.b.w.embedded.tomcat.TomcatWebServer  : Tomcat initialized with port 8083 (http)
2025-12-10T18:02:21.346+06:00  INFO 11104 --- [event_management_system] [  restartedMain] o.apache.catalina.core.StandardService   : Starting service [Tomcat]
2025-12-10T18:02:21.346+06:00  INFO 11104 --- [event_management_system] [  restartedMain] o.apache.catalina.core.StandardEngine    : Starting Servlet engine: [Apache Tomcat/10.1.42]
2025-12-10T18:02:21.367+06:00  INFO 11104 --- [event_management_system] [  restartedMain] o.a.c.c.C.[Tomcat].[localhost].[/]       : Initializing Spring embedded WebApplicationContext
2025-12-10T18:02:21.367+06:00  INFO 11104 --- [event_management_system] [  restartedMain] w.s.c.ServletWebServerApplicationContext : Root WebApplicationContext: initialization completed in 463 ms
2025-12-10T18:02:21.420+06:00  INFO 11104 --- [event_management_system] [  restartedMain] o.hibernate.jpa.internal.util.LogHelper  : HHH000204: Processing PersistenceUnitInfo [name: default]
2025-12-10T18:02:21.424+06:00  INFO 11104 --- [event_management_system] [  restartedMain] o.h.c.internal.RegionFactoryInitiator    : HHH000026: Second-level cache disabled
2025-12-10T18:02:21.433+06:00  INFO 11104 --- [event_management_system] [  restartedMain] o.s.o.j.p.SpringPersistenceUnitInfo      : No LoadTimeWeaver setup: ignoring JPA class transformer
2025-12-10T18:02:21.434+06:00  INFO 11104 --- [event_management_system] [  restartedMain] com.zaxxer.hikari.HikariDataSource       : HikariPool-2 - Starting...
2025-12-10T18:02:21.440+06:00  INFO 11104 --- [event_management_system] [  restartedMain] com.zaxxer.hikari.pool.HikariPool        : HikariPool-2 - Added connection com.mysql.cj.jdbc.ConnectionImpl@185f86aa
2025-12-10T18:02:21.441+06:00  INFO 11104 --- [event_management_system] [  restartedMain] com.zaxxer.hikari.HikariDataSource       : HikariPool-2 - Start completed.
2025-12-10T18:02:21.442+06:00  INFO 11104 --- [event_management_system] [  restartedMain] org.hibernate.orm.connections.pooling    : HHH10001005: Database info:
	Database JDBC URL [Connecting through datasource 'HikariDataSource (HikariPool-2)']
	Database driver: undefined/unknown
	Database version: 8.0.44
	Autocommit mode: undefined/unknown
	Isolation level: undefined/unknown
	Minimum pool size: undefined/unknown
	Maximum pool size: undefined/unknown
2025-12-10T18:02:21.662+06:00  INFO 11104 --- [event_management_system] [  restartedMain] o.h.e.t.j.p.i.JtaPlatformInitiator       : HHH000489: No JTA platform available (set 'hibernate.transaction.jta.platform' to enable JTA platform integration)
Hibernate: alter table app_events modify column status enum ('ACTIVE','INACTIVE','OFF') not null
Hibernate: alter table app_events modify column visibility enum ('INVITE_ONLY','PRIVATE','PUBLIC') not null
Hibernate: alter table app_permissions modify column status enum ('ACTIVE','INACTIVE','OFF') not null
Hibernate: alter table app_roles modify column status enum ('ACTIVE','INACTIVE','OFF') not null
Hibernate: alter table app_users modify column status enum ('ACTIVE','INACTIVE','OFF') not null
Hibernate: alter table role_permissions modify column status enum ('ACTIVE','INACTIVE','OFF') not null
2025-12-10T18:02:21.874+06:00  INFO 11104 --- [event_management_system] [  restartedMain] j.LocalContainerEntityManagerFactoryBean : Initialized JPA EntityManagerFactory for persistence unit 'default'
Hibernate: select count(*) from app_permissions p1_0
Hibernate: select count(*) from app_roles r1_0
Hibernate: select count(*) from app_users u1_0
2025-12-10T18:02:22.447+06:00  INFO 11104 --- [event_management_system] [  restartedMain] r$InitializeUserDetailsManagerConfigurer : Global AuthenticationManager configured with UserDetailsService bean with name customUserDetailsService
2025-12-10T18:02:22.645+06:00  INFO 11104 --- [event_management_system] [  restartedMain] o.s.b.d.a.OptionalLiveReloadServer       : LiveReload server is running on port 35729
2025-12-10T18:02:22.659+06:00  INFO 11104 --- [event_management_system] [  restartedMain] o.s.b.w.embedded.tomcat.TomcatWebServer  : Tomcat started on port 8083 (http) with context path '/'
2025-12-10T18:02:22.665+06:00  INFO 11104 --- [event_management_system] [  restartedMain] c.e.EventManagementSystemApplication     : Started EventManagementSystemApplication in 1.789 seconds (process running for 352.42)
2025-12-10T18:02:22.668+06:00  INFO 11104 --- [event_management_system] [  restartedMain] .ConditionEvaluationDeltaLoggingListener : Condition evaluation unchanged
2025-12-10T18:02:43.087+06:00  INFO 11104 --- [event_management_system] [nio-8083-exec-1] o.a.c.c.C.[Tomcat].[localhost].[/]       : Initializing Spring DispatcherServlet 'dispatcherServlet'
2025-12-10T18:02:43.088+06:00  INFO 11104 --- [event_management_system] [nio-8083-exec-1] o.s.web.servlet.DispatcherServlet        : Initializing Servlet 'dispatcherServlet'
2025-12-10T18:02:43.089+06:00  INFO 11104 --- [event_management_system] [nio-8083-exec-1] o.s.web.servlet.DispatcherServlet        : Completed initialization in 1 ms
2025-12-10T18:02:43.097+06:00  INFO 11104 --- [event_management_system] [nio-8083-exec-1] c.e.controller.AuthController            : Login attempt for email: superadmin@ems.com
2025-12-10T18:02:43.098+06:00  INFO 11104 --- [event_management_system] [nio-8083-exec-1] c.e.service.AuthService                  : Attempting authentication for email: superadmin@ems.com
Hibernate: select u1_0.id,u1_0.created_at,u1_0.created_by,u1_0.deleted,u1_0.email,u1_0.full_name,u1_0.password,u1_0.role_id,u1_0.status,u1_0.updated_at,u1_0.updated_by from app_users u1_0 where u1_0.email=?
Hibernate: select r1_0.id,r1_0.created_at,r1_0.created_by,r1_0.deleted,r1_0.name,rp1_0.role_id,rp1_0.permission_id,rp1_0.created_at,rp1_0.created_by,rp1_0.deleted,p1_0.id,p1_0.created_at,p1_0.created_by,p1_0.deleted,p1_0.description,p1_0.name,p1_0.status,p1_0.updated_at,p1_0.updated_by,rp1_0.status,rp1_0.updated_at,rp1_0.updated_by,r1_0.status,r1_0.updated_at,r1_0.updated_by from app_roles r1_0 left join role_permissions rp1_0 on r1_0.id=rp1_0.role_id left join app_permissions p1_0 on p1_0.id=rp1_0.permission_id where r1_0.id=?
2025-12-10T18:02:43.412+06:00  INFO 11104 --- [event_management_system] [nio-8083-exec-1] c.e.service.AuthService                  : Password validated successfully for user: 1
2025-12-10T18:02:43.415+06:00  INFO 11104 --- [event_management_system] [nio-8083-exec-1] c.e.service.JwtService                   : Generated token for user: 1 with UUID: a60ffaff-c441-4117-b8da-ddfd091d310d
2025-12-10T18:02:43.415+06:00  INFO 11104 --- [event_management_system] [nio-8083-exec-1] c.e.service.JwtService                   : Generated token for user: 1 with UUID: aa1d8de3-45c8-4db2-93f4-ebd909b108e2
2025-12-10T18:02:43.417+06:00  INFO 11104 --- [event_management_system] [nio-8083-exec-1] c.e.service.AuthService                  : Tokens cached for user: 1
Hibernate: insert into user_login_logout_history (created_at,created_by,device_info,login_status,login_time,logout_time,request_from,request_ip,updated_at,user_id,user_token,user_type) values (?,?,?,?,?,?,?,?,?,?,?,?)
Hibernate: insert into user_activity_history (activity_date,activity_type_code,activity_type_name,created_by,created_date,description,device_id,ip,session_id,updated_by,updated_date,user_id,user_group,username) values (?,?,?,?,?,?,?,?,?,?,?,?,?,?)
2025-12-10T18:02:43.448+06:00  INFO 11104 --- [event_management_system] [nio-8083-exec-1] c.e.service.AuthService                  : Login history recorded for user: 1
2025-12-10T18:02:43.448+06:00  INFO 11104 --- [event_management_system] [nio-8083-exec-1] c.e.service.AuthService                  : Authentication successful for user: 1 (email: superadmin@ems.com)
2025-12-10T18:02:43.448+06:00  INFO 11104 --- [event_management_system] [nio-8083-exec-1] c.e.controller.AuthController            : Login successful for email: superadmin@ems.com
Hibernate: select u1_0.id,u1_0.created_at,u1_0.created_by,u1_0.deleted,u1_0.email,u1_0.full_name,u1_0.password,r1_0.id,r1_0.created_at,r1_0.created_by,r1_0.deleted,r1_0.name,rp1_0.role_id,rp1_0.permission_id,rp1_0.created_at,rp1_0.created_by,rp1_0.deleted,rp1_0.status,rp1_0.updated_at,rp1_0.updated_by,r1_0.status,r1_0.updated_at,r1_0.updated_by,u1_0.status,u1_0.updated_at,u1_0.updated_by from app_users u1_0 left join app_roles r1_0 on r1_0.id=u1_0.role_id left join role_permissions rp1_0 on r1_0.id=rp1_0.role_id where u1_0.id=?
Hibernate: select p1_0.id,p1_0.created_at,p1_0.created_by,p1_0.deleted,p1_0.description,p1_0.name,p1_0.status,p1_0.updated_at,p1_0.updated_by from app_permissions p1_0 where p1_0.id=?
Hibernate: select p1_0.id,p1_0.created_at,p1_0.created_by,p1_0.deleted,p1_0.description,p1_0.name,p1_0.status,p1_0.updated_at,p1_0.updated_by from app_permissions p1_0 where p1_0.id=?
Hibernate: select p1_0.id,p1_0.created_at,p1_0.created_by,p1_0.deleted,p1_0.description,p1_0.name,p1_0.status,p1_0.updated_at,p1_0.updated_by from app_permissions p1_0 where p1_0.id=?
Hibernate: select p1_0.id,p1_0.created_at,p1_0.created_by,p1_0.deleted,p1_0.description,p1_0.name,p1_0.status,p1_0.updated_at,p1_0.updated_by from app_permissions p1_0 where p1_0.id=?
Hibernate: select p1_0.id,p1_0.created_at,p1_0.created_by,p1_0.deleted,p1_0.description,p1_0.name,p1_0.status,p1_0.updated_at,p1_0.updated_by from app_permissions p1_0 where p1_0.id=?
2025-12-10T18:03:23.304+06:00  INFO 11104 --- [event_management_system] [nio-8083-exec-3] c.e.service.CustomUserDetailsService     : User found: superadmin@ems.com
2025-12-10T18:03:23.307+06:00  INFO 11104 --- [event_management_system] [nio-8083-exec-3] c.e.security.JwtAuthenticationFilter     : User loaded from database: superadmin@ems.com
2025-12-10T18:03:23.309+06:00  INFO 11104 --- [event_management_system] [nio-8083-exec-3] c.e.security.JwtAuthenticationFilter     : Request authenticated for user: superadmin@ems.com with 6 authorities
2025-12-10T18:03:23.316+06:00  INFO 11104 --- [event_management_system] [nio-8083-exec-3] c.e.controller.AuthController            : Logout request received
2025-12-10T18:03:23.316+06:00  INFO 11104 --- [event_management_system] [nio-8083-exec-3] c.e.service.AuthService                  : Attempting logout
2025-12-10T18:03:23.319+06:00  INFO 11104 --- [event_management_system] [nio-8083-exec-3] c.e.service.TokenCacheService            : Token UUID removed from cache (user logged out): a60ffaff-c441-4117-b8da-ddfd091d310d
Hibernate: select ullh1_0.id,ullh1_0.created_at,ullh1_0.created_by,ullh1_0.device_info,ullh1_0.login_status,ullh1_0.login_time,ullh1_0.logout_time,ullh1_0.request_from,ullh1_0.request_ip,ullh1_0.updated_at,ullh1_0.user_id,ullh1_0.user_token,ullh1_0.user_type from user_login_logout_history ullh1_0 where ullh1_0.user_token=?
Hibernate: update user_login_logout_history set created_by=?,device_info=?,login_status=?,login_time=?,logout_time=?,request_from=?,request_ip=?,updated_at=?,user_id=?,user_token=?,user_type=? where id=?
Hibernate: select u1_0.id,u1_0.created_at,u1_0.created_by,u1_0.deleted,u1_0.email,u1_0.full_name,u1_0.password,r1_0.id,r1_0.created_at,r1_0.created_by,r1_0.deleted,r1_0.name,rp1_0.role_id,rp1_0.permission_id,rp1_0.created_at,rp1_0.created_by,rp1_0.deleted,rp1_0.status,rp1_0.updated_at,rp1_0.updated_by,r1_0.status,r1_0.updated_at,r1_0.updated_by,u1_0.status,u1_0.updated_at,u1_0.updated_by from app_users u1_0 left join app_roles r1_0 on r1_0.id=u1_0.role_id left join role_permissions rp1_0 on r1_0.id=rp1_0.role_id where u1_0.id=?
Hibernate: select p1_0.id,p1_0.created_at,p1_0.created_by,p1_0.deleted,p1_0.description,p1_0.name,p1_0.status,p1_0.updated_at,p1_0.updated_by from app_permissions p1_0 where p1_0.id=?
Hibernate: select p1_0.id,p1_0.created_at,p1_0.created_by,p1_0.deleted,p1_0.description,p1_0.name,p1_0.status,p1_0.updated_at,p1_0.updated_by from app_permissions p1_0 where p1_0.id=?
Hibernate: select p1_0.id,p1_0.created_at,p1_0.created_by,p1_0.deleted,p1_0.description,p1_0.name,p1_0.status,p1_0.updated_at,p1_0.updated_by from app_permissions p1_0 where p1_0.id=?
Hibernate: select p1_0.id,p1_0.created_at,p1_0.created_by,p1_0.deleted,p1_0.description,p1_0.name,p1_0.status,p1_0.updated_at,p1_0.updated_by from app_permissions p1_0 where p1_0.id=?
Hibernate: select p1_0.id,p1_0.created_at,p1_0.created_by,p1_0.deleted,p1_0.description,p1_0.name,p1_0.status,p1_0.updated_at,p1_0.updated_by from app_permissions p1_0 where p1_0.id=?
Hibernate: insert into user_activity_history (activity_date,activity_type_code,activity_type_name,created_by,created_date,description,device_id,ip,session_id,updated_by,updated_date,user_id,user_group,username) values (?,?,?,?,?,?,?,?,?,?,?,?,?,?)
2025-12-10T18:03:23.371+06:00  INFO 11104 --- [event_management_system] [nio-8083-exec-3] c.e.service.AuthService                  : Logout activity recorded for user: 1
2025-12-10T18:03:23.372+06:00  INFO 11104 --- [event_management_system] [nio-8083-exec-3] c.e.service.AuthService                  : User logged out successfully, token UUID removed from cache
2025-12-10T18:03:23.372+06:00  INFO 11104 --- [event_management_system] [nio-8083-exec-3] c.e.controller.AuthController            : User logged out successfully
2025-12-10T18:04:39.556+06:00  INFO 11104 --- [event_management_system] [nio-8083-exec-5] c.e.controller.AuthController            : Login attempt for email: superadmin@ems.com
2025-12-10T18:04:39.557+06:00  INFO 11104 --- [event_management_system] [nio-8083-exec-5] c.e.service.AuthService                  : Attempting authentication for email: superadmin@ems.com
Hibernate: select u1_0.id,u1_0.created_at,u1_0.created_by,u1_0.deleted,u1_0.email,u1_0.full_name,u1_0.password,u1_0.role_id,u1_0.status,u1_0.updated_at,u1_0.updated_by from app_users u1_0 where u1_0.email=?
Hibernate: select r1_0.id,r1_0.created_at,r1_0.created_by,r1_0.deleted,r1_0.name,rp1_0.role_id,rp1_0.permission_id,rp1_0.created_at,rp1_0.created_by,rp1_0.deleted,p1_0.id,p1_0.created_at,p1_0.created_by,p1_0.deleted,p1_0.description,p1_0.name,p1_0.status,p1_0.updated_at,p1_0.updated_by,rp1_0.status,rp1_0.updated_at,rp1_0.updated_by,r1_0.status,r1_0.updated_at,r1_0.updated_by from app_roles r1_0 left join role_permissions rp1_0 on r1_0.id=rp1_0.role_id left join app_permissions p1_0 on p1_0.id=rp1_0.permission_id where r1_0.id=?
2025-12-10T18:04:39.843+06:00  INFO 11104 --- [event_management_system] [nio-8083-exec-5] c.e.service.AuthService                  : Password validated successfully for user: 1
2025-12-10T18:04:39.844+06:00  INFO 11104 --- [event_management_system] [nio-8083-exec-5] c.e.service.JwtService                   : Generated token for user: 1 with UUID: 225ea780-919d-4181-baa7-f078c46df0c2
2025-12-10T18:04:39.844+06:00  INFO 11104 --- [event_management_system] [nio-8083-exec-5] c.e.service.JwtService                   : Generated token for user: 1 with UUID: 3933f5aa-8f7a-4718-b998-116304ea2adc
2025-12-10T18:04:39.845+06:00  INFO 11104 --- [event_management_system] [nio-8083-exec-5] c.e.service.AuthService                  : Tokens cached for user: 1
Hibernate: insert into user_login_logout_history (created_at,created_by,device_info,login_status,login_time,logout_time,request_from,request_ip,updated_at,user_id,user_token,user_type) values (?,?,?,?,?,?,?,?,?,?,?,?)
Hibernate: insert into user_activity_history (activity_date,activity_type_code,activity_type_name,created_by,created_date,description,device_id,ip,session_id,updated_by,updated_date,user_id,user_group,username) values (?,?,?,?,?,?,?,?,?,?,?,?,?,?)
2025-12-10T18:04:39.853+06:00  INFO 11104 --- [event_management_system] [nio-8083-exec-5] c.e.service.AuthService                  : Login history recorded for user: 1
2025-12-10T18:04:39.853+06:00  INFO 11104 --- [event_management_system] [nio-8083-exec-5] c.e.service.AuthService                  : Authentication successful for user: 1 (email: superadmin@ems.com)
2025-12-10T18:04:39.853+06:00  INFO 11104 --- [event_management_system] [nio-8083-exec-5] c.e.controller.AuthController            : Login successful for email: superadmin@ems.com
Hibernate: select u1_0.id,u1_0.created_at,u1_0.created_by,u1_0.deleted,u1_0.email,u1_0.full_name,u1_0.password,r1_0.id,r1_0.created_at,r1_0.created_by,r1_0.deleted,r1_0.name,rp1_0.role_id,rp1_0.permission_id,rp1_0.created_at,rp1_0.created_by,rp1_0.deleted,rp1_0.status,rp1_0.updated_at,rp1_0.updated_by,r1_0.status,r1_0.updated_at,r1_0.updated_by,u1_0.status,u1_0.updated_at,u1_0.updated_by from app_users u1_0 left join app_roles r1_0 on r1_0.id=u1_0.role_id left join role_permissions rp1_0 on r1_0.id=rp1_0.role_id where u1_0.id=?
Hibernate: select p1_0.id,p1_0.created_at,p1_0.created_by,p1_0.deleted,p1_0.description,p1_0.name,p1_0.status,p1_0.updated_at,p1_0.updated_by from app_permissions p1_0 where p1_0.id=?
Hibernate: select p1_0.id,p1_0.created_at,p1_0.created_by,p1_0.deleted,p1_0.description,p1_0.name,p1_0.status,p1_0.updated_at,p1_0.updated_by from app_permissions p1_0 where p1_0.id=?
Hibernate: select p1_0.id,p1_0.created_at,p1_0.created_by,p1_0.deleted,p1_0.description,p1_0.name,p1_0.status,p1_0.updated_at,p1_0.updated_by from app_permissions p1_0 where p1_0.id=?
Hibernate: select p1_0.id,p1_0.created_at,p1_0.created_by,p1_0.deleted,p1_0.description,p1_0.name,p1_0.status,p1_0.updated_at,p1_0.updated_by from app_permissions p1_0 where p1_0.id=?
Hibernate: select p1_0.id,p1_0.created_at,p1_0.created_by,p1_0.deleted,p1_0.description,p1_0.name,p1_0.status,p1_0.updated_at,p1_0.updated_by from app_permissions p1_0 where p1_0.id=?
2025-12-10T18:04:58.007+06:00  INFO 11104 --- [event_management_system] [nio-8083-exec-7] c.e.service.CustomUserDetailsService     : User found: superadmin@ems.com
2025-12-10T18:04:58.008+06:00  INFO 11104 --- [event_management_system] [nio-8083-exec-7] c.e.security.JwtAuthenticationFilter     : User loaded from database: superadmin@ems.com
2025-12-10T18:04:58.008+06:00  INFO 11104 --- [event_management_system] [nio-8083-exec-7] c.e.security.JwtAuthenticationFilter     : Request authenticated for user: superadmin@ems.com with 6 authorities
2025-12-10T18:04:58.017+06:00  WARN 11104 --- [event_management_system] [nio-8083-exec-7] .m.m.a.ExceptionHandlerExceptionResolver : Resolved [org.springframework.web.servlet.resource.NoResourceFoundException: No static resource api/history/login-logout.]
Hibernate: select u1_0.id,u1_0.created_at,u1_0.created_by,u1_0.deleted,u1_0.email,u1_0.full_name,u1_0.password,r1_0.id,r1_0.created_at,r1_0.created_by,r1_0.deleted,r1_0.name,rp1_0.role_id,rp1_0.permission_id,rp1_0.created_at,rp1_0.created_by,rp1_0.deleted,rp1_0.status,rp1_0.updated_at,rp1_0.updated_by,r1_0.status,r1_0.updated_at,r1_0.updated_by,u1_0.status,u1_0.updated_at,u1_0.updated_by from app_users u1_0 left join app_roles r1_0 on r1_0.id=u1_0.role_id left join role_permissions rp1_0 on r1_0.id=rp1_0.role_id where u1_0.id=?
Hibernate: select p1_0.id,p1_0.created_at,p1_0.created_by,p1_0.deleted,p1_0.description,p1_0.name,p1_0.status,p1_0.updated_at,p1_0.updated_by from app_permissions p1_0 where p1_0.id=?
Hibernate: select p1_0.id,p1_0.created_at,p1_0.created_by,p1_0.deleted,p1_0.description,p1_0.name,p1_0.status,p1_0.updated_at,p1_0.updated_by from app_permissions p1_0 where p1_0.id=?
Hibernate: select p1_0.id,p1_0.created_at,p1_0.created_by,p1_0.deleted,p1_0.description,p1_0.name,p1_0.status,p1_0.updated_at,p1_0.updated_by from app_permissions p1_0 where p1_0.id=?
Hibernate: select p1_0.id,p1_0.created_at,p1_0.created_by,p1_0.deleted,p1_0.description,p1_0.name,p1_0.status,p1_0.updated_at,p1_0.updated_by from app_permissions p1_0 where p1_0.id=?
Hibernate: select p1_0.id,p1_0.created_at,p1_0.created_by,p1_0.deleted,p1_0.description,p1_0.name,p1_0.status,p1_0.updated_at,p1_0.updated_by from app_permissions p1_0 where p1_0.id=?
2025-12-10T18:05:36.334+06:00  INFO 11104 --- [event_management_system] [nio-8083-exec-9] c.e.service.CustomUserDetailsService     : User found: superadmin@ems.com
2025-12-10T18:05:36.334+06:00  INFO 11104 --- [event_management_system] [nio-8083-exec-9] c.e.security.JwtAuthenticationFilter     : User loaded from database: superadmin@ems.com
2025-12-10T18:05:36.334+06:00  INFO 11104 --- [event_management_system] [nio-8083-exec-9] c.e.security.JwtAuthenticationFilter     : Request authenticated for user: superadmin@ems.com with 6 authorities
2025-12-10T18:05:36.336+06:00 ERROR 11104 --- [event_management_system] [nio-8083-exec-9] c.e.controller.HistoryController         : Failed to fetch login history: For input string: "superadmin@ems.com"
2025-12-10T18:06:42.508+06:00  INFO 11104 --- [event_management_system] [   File Watcher] rtingClassPathChangeChangedEventListener : Restarting due to 1 class path change (0 additions, 0 deletions, 1 modification)
2025-12-10T18:06:42.510+06:00  INFO 11104 --- [event_management_system] [       Thread-7] o.s.b.w.e.tomcat.GracefulShutdown        : Commencing graceful shutdown. Waiting for active requests to complete
2025-12-10T18:06:42.524+06:00  INFO 11104 --- [event_management_system] [tomcat-shutdown] o.s.b.w.e.tomcat.GracefulShutdown        : Graceful shutdown complete
2025-12-10T18:06:42.529+06:00  INFO 11104 --- [event_management_system] [       Thread-7] j.LocalContainerEntityManagerFactoryBean : Closing JPA EntityManagerFactory for persistence unit 'default'
2025-12-10T18:06:42.530+06:00  INFO 11104 --- [event_management_system] [       Thread-7] com.zaxxer.hikari.HikariDataSource       : HikariPool-2 - Shutdown initiated...
2025-12-10T18:06:42.531+06:00  INFO 11104 --- [event_management_system] [       Thread-7] com.zaxxer.hikari.HikariDataSource       : HikariPool-2 - Shutdown completed.

  .   ____          _            __ _ _
 /\\ / ___'_ __ _ _(_)_ __  __ _ \ \ \ \
( ( )\___ | '_ | '_| | '_ \/ _` | \ \ \ \
 \\/  ___)| |_)| | | | | || (_| |  ) ) ) )
  '  |____| .__|_| |_|_| |_\__, | / / / /
 =========|_|==============|___/=/_/_/_/

 :: Spring Boot ::                (v3.5.3)

2025-12-10T18:06:42.639+06:00  INFO 11104 --- [event_management_system] [  restartedMain] c.e.EventManagementSystemApplication     : Starting EventManagementSystemApplication using Java 21.0.9 with PID 11104 (c:\Users\Shakib\IdeaProjects\event_management_system\target\classes started by Shakib in c:\Users\Shakib\IdeaProjects\event_management_system)
2025-12-10T18:06:42.640+06:00  INFO 11104 --- [event_management_system] [  restartedMain] c.e.EventManagementSystemApplication     : No active profile set, falling back to 1 default profile: "default"
2025-12-10T18:06:43.063+06:00  INFO 11104 --- [event_management_system] [  restartedMain] .s.d.r.c.RepositoryConfigurationDelegate : Bootstrapping Spring Data JPA repositories in DEFAULT mode.
2025-12-10T18:06:43.090+06:00  INFO 11104 --- [event_management_system] [  restartedMain] .s.d.r.c.RepositoryConfigurationDelegate : Finished Spring Data repository scanning in 25 ms. Found 8 JPA repository interfaces.
2025-12-10T18:06:43.223+06:00  INFO 11104 --- [event_management_system] [  restartedMain] o.s.b.w.embedded.tomcat.TomcatWebServer  : Tomcat initialized with port 8083 (http)
2025-12-10T18:06:43.224+06:00  INFO 11104 --- [event_management_system] [  restartedMain] o.apache.catalina.core.StandardService   : Starting service [Tomcat]
2025-12-10T18:06:43.224+06:00  INFO 11104 --- [event_management_system] [  restartedMain] o.apache.catalina.core.StandardEngine    : Starting Servlet engine: [Apache Tomcat/10.1.42]
2025-12-10T18:06:43.243+06:00  INFO 11104 --- [event_management_system] [  restartedMain] o.a.c.c.C.[Tomcat].[localhost].[/]       : Initializing Spring embedded WebApplicationContext
2025-12-10T18:06:43.243+06:00  INFO 11104 --- [event_management_system] [  restartedMain] w.s.c.ServletWebServerApplicationContext : Root WebApplicationContext: initialization completed in 601 ms
2025-12-10T18:06:43.284+06:00  INFO 11104 --- [event_management_system] [  restartedMain] o.hibernate.jpa.internal.util.LogHelper  : HHH000204: Processing PersistenceUnitInfo [name: default]
2025-12-10T18:06:43.286+06:00  INFO 11104 --- [event_management_system] [  restartedMain] o.h.c.internal.RegionFactoryInitiator    : HHH000026: Second-level cache disabled
2025-12-10T18:06:43.293+06:00  INFO 11104 --- [event_management_system] [  restartedMain] o.s.o.j.p.SpringPersistenceUnitInfo      : No LoadTimeWeaver setup: ignoring JPA class transformer
2025-12-10T18:06:43.294+06:00  INFO 11104 --- [event_management_system] [  restartedMain] com.zaxxer.hikari.HikariDataSource       : HikariPool-3 - Starting...
2025-12-10T18:06:43.299+06:00  INFO 11104 --- [event_management_system] [  restartedMain] com.zaxxer.hikari.pool.HikariPool        : HikariPool-3 - Added connection com.mysql.cj.jdbc.ConnectionImpl@71a381d8
2025-12-10T18:06:43.299+06:00  INFO 11104 --- [event_management_system] [  restartedMain] com.zaxxer.hikari.HikariDataSource       : HikariPool-3 - Start completed.
2025-12-10T18:06:43.300+06:00  INFO 11104 --- [event_management_system] [  restartedMain] org.hibernate.orm.connections.pooling    : HHH10001005: Database info:
	Database JDBC URL [Connecting through datasource 'HikariDataSource (HikariPool-3)']
	Database driver: undefined/unknown
	Database version: 8.0.44
	Autocommit mode: undefined/unknown
	Isolation level: undefined/unknown
	Minimum pool size: undefined/unknown
	Maximum pool size: undefined/unknown
2025-12-10T18:06:43.502+06:00  INFO 11104 --- [event_management_system] [  restartedMain] o.h.e.t.j.p.i.JtaPlatformInitiator       : HHH000489: No JTA platform available (set 'hibernate.transaction.jta.platform' to enable JTA platform integration)
Hibernate: alter table app_events modify column status enum ('ACTIVE','INACTIVE','OFF') not null
Hibernate: alter table app_events modify column visibility enum ('INVITE_ONLY','PRIVATE','PUBLIC') not null
Hibernate: alter table app_permissions modify column status enum ('ACTIVE','INACTIVE','OFF') not null
Hibernate: alter table app_roles modify column status enum ('ACTIVE','INACTIVE','OFF') not null
Hibernate: alter table app_users modify column status enum ('ACTIVE','INACTIVE','OFF') not null
Hibernate: alter table role_permissions modify column status enum ('ACTIVE','INACTIVE','OFF') not null
2025-12-10T18:06:43.688+06:00  INFO 11104 --- [event_management_system] [  restartedMain] j.LocalContainerEntityManagerFactoryBean : Initialized JPA EntityManagerFactory for persistence unit 'default'
Hibernate: select count(*) from app_permissions p1_0
Hibernate: select count(*) from app_roles r1_0
Hibernate: select count(*) from app_users u1_0
2025-12-10T18:06:44.162+06:00  INFO 11104 --- [event_management_system] [  restartedMain] r$InitializeUserDetailsManagerConfigurer : Global AuthenticationManager configured with UserDetailsService bean with name customUserDetailsService
2025-12-10T18:06:44.312+06:00  INFO 11104 --- [event_management_system] [  restartedMain] o.s.b.d.a.OptionalLiveReloadServer       : LiveReload server is running on port 35729
2025-12-10T18:06:44.325+06:00  INFO 11104 --- [event_management_system] [  restartedMain] o.s.b.w.embedded.tomcat.TomcatWebServer  : Tomcat started on port 8083 (http) with context path '/'
2025-12-10T18:06:44.329+06:00  INFO 11104 --- [event_management_system] [  restartedMain] c.e.EventManagementSystemApplication     : Started EventManagementSystemApplication in 1.718 seconds (process running for 614.085)
2025-12-10T18:06:44.330+06:00  INFO 11104 --- [event_management_system] [  restartedMain] .ConditionEvaluationDeltaLoggingListener : Condition evaluation unchanged
2025-12-10T18:07:33.139+06:00  INFO 11104 --- [event_management_system] [   File Watcher] rtingClassPathChangeChangedEventListener : Restarting due to 6 class path changes (0 additions, 0 deletions, 6 modifications)
2025-12-10T18:07:33.141+06:00  INFO 11104 --- [event_management_system] [      Thread-11] o.s.b.w.e.tomcat.GracefulShutdown        : Commencing graceful shutdown. Waiting for active requests to complete
2025-12-10T18:07:33.146+06:00  INFO 11104 --- [event_management_system] [tomcat-shutdown] o.s.b.w.e.tomcat.GracefulShutdown        : Graceful shutdown complete
2025-12-10T18:07:33.148+06:00  INFO 11104 --- [event_management_system] [      Thread-11] j.LocalContainerEntityManagerFactoryBean : Closing JPA EntityManagerFactory for persistence unit 'default'
2025-12-10T18:07:33.149+06:00  INFO 11104 --- [event_management_system] [      Thread-11] com.zaxxer.hikari.HikariDataSource       : HikariPool-3 - Shutdown initiated...
2025-12-10T18:07:33.150+06:00  INFO 11104 --- [event_management_system] [      Thread-11] com.zaxxer.hikari.HikariDataSource       : HikariPool-3 - Shutdown completed.

  .   ____          _            __ _ _
 /\\ / ___'_ __ _ _(_)_ __  __ _ \ \ \ \
( ( )\___ | '_ | '_| | '_ \/ _` | \ \ \ \
 \\/  ___)| |_)| | | | | || (_| |  ) ) ) )
  '  |____| .__|_| |_|_| |_\__, | / / / /
 =========|_|==============|___/=/_/_/_/

 :: Spring Boot ::                (v3.5.3)

2025-12-10T18:07:33.233+06:00  INFO 11104 --- [event_management_system] [  restartedMain] c.e.EventManagementSystemApplication     : Starting EventManagementSystemApplication using Java 21.0.9 with PID 11104 (c:\Users\Shakib\IdeaProjects\event_management_system\target\classes started by Shakib in c:\Users\Shakib\IdeaProjects\event_management_system)
2025-12-10T18:07:33.234+06:00  INFO 11104 --- [event_management_system] [  restartedMain] c.e.EventManagementSystemApplication     : No active profile set, falling back to 1 default profile: "default"
2025-12-10T18:07:33.489+06:00  INFO 11104 --- [event_management_system] [  restartedMain] .s.d.r.c.RepositoryConfigurationDelegate : Bootstrapping Spring Data JPA repositories in DEFAULT mode.
2025-12-10T18:07:33.519+06:00  INFO 11104 --- [event_management_system] [  restartedMain] .s.d.r.c.RepositoryConfigurationDelegate : Finished Spring Data repository scanning in 28 ms. Found 8 JPA repository interfaces.
2025-12-10T18:07:33.642+06:00  INFO 11104 --- [event_management_system] [  restartedMain] o.s.b.w.embedded.tomcat.TomcatWebServer  : Tomcat initialized with port 8083 (http)
2025-12-10T18:07:33.643+06:00  INFO 11104 --- [event_management_system] [  restartedMain] o.apache.catalina.core.StandardService   : Starting service [Tomcat]
2025-12-10T18:07:33.643+06:00  INFO 11104 --- [event_management_system] [  restartedMain] o.apache.catalina.core.StandardEngine    : Starting Servlet engine: [Apache Tomcat/10.1.42]
2025-12-10T18:07:33.661+06:00  INFO 11104 --- [event_management_system] [  restartedMain] o.a.c.c.C.[Tomcat].[localhost].[/]       : Initializing Spring embedded WebApplicationContext
2025-12-10T18:07:33.662+06:00  INFO 11104 --- [event_management_system] [  restartedMain] w.s.c.ServletWebServerApplicationContext : Root WebApplicationContext: initialization completed in 426 ms
2025-12-10T18:07:33.700+06:00  INFO 11104 --- [event_management_system] [  restartedMain] o.hibernate.jpa.internal.util.LogHelper  : HHH000204: Processing PersistenceUnitInfo [name: default]
2025-12-10T18:07:33.703+06:00  INFO 11104 --- [event_management_system] [  restartedMain] o.h.c.internal.RegionFactoryInitiator    : HHH000026: Second-level cache disabled
2025-12-10T18:07:33.710+06:00  INFO 11104 --- [event_management_system] [  restartedMain] o.s.o.j.p.SpringPersistenceUnitInfo      : No LoadTimeWeaver setup: ignoring JPA class transformer
2025-12-10T18:07:33.711+06:00  INFO 11104 --- [event_management_system] [  restartedMain] com.zaxxer.hikari.HikariDataSource       : HikariPool-4 - Starting...
2025-12-10T18:07:33.715+06:00  INFO 11104 --- [event_management_system] [  restartedMain] com.zaxxer.hikari.pool.HikariPool        : HikariPool-4 - Added connection com.mysql.cj.jdbc.ConnectionImpl@1e87f5fb
2025-12-10T18:07:33.716+06:00  INFO 11104 --- [event_management_system] [  restartedMain] com.zaxxer.hikari.HikariDataSource       : HikariPool-4 - Start completed.
2025-12-10T18:07:33.716+06:00  INFO 11104 --- [event_management_system] [  restartedMain] org.hibernate.orm.connections.pooling    : HHH10001005: Database info:
	Database JDBC URL [Connecting through datasource 'HikariDataSource (HikariPool-4)']
	Database driver: undefined/unknown
	Database version: 8.0.44
	Autocommit mode: undefined/unknown
	Isolation level: undefined/unknown
	Minimum pool size: undefined/unknown
	Maximum pool size: undefined/unknown
2025-12-10T18:07:33.897+06:00  INFO 11104 --- [event_management_system] [  restartedMain] o.h.e.t.j.p.i.JtaPlatformInitiator       : HHH000489: No JTA platform available (set 'hibernate.transaction.jta.platform' to enable JTA platform integration)
Hibernate: alter table app_events modify column status enum ('ACTIVE','INACTIVE','OFF') not null
Hibernate: alter table app_events modify column visibility enum ('INVITE_ONLY','PRIVATE','PUBLIC') not null
Hibernate: alter table app_permissions modify column status enum ('ACTIVE','INACTIVE','OFF') not null
Hibernate: alter table app_roles modify column status enum ('ACTIVE','INACTIVE','OFF') not null
Hibernate: alter table app_users modify column status enum ('ACTIVE','INACTIVE','OFF') not null
Hibernate: alter table role_permissions modify column status enum ('ACTIVE','INACTIVE','OFF') not null
2025-12-10T18:07:34.122+06:00  INFO 11104 --- [event_management_system] [  restartedMain] j.LocalContainerEntityManagerFactoryBean : Initialized JPA EntityManagerFactory for persistence unit 'default'
Hibernate: select count(*) from app_permissions p1_0
Hibernate: select count(*) from app_roles r1_0
Hibernate: select count(*) from app_users u1_0
2025-12-10T18:07:34.633+06:00  INFO 11104 --- [event_management_system] [  restartedMain] r$InitializeUserDetailsManagerConfigurer : Global AuthenticationManager configured with UserDetailsService bean with name customUserDetailsService
2025-12-10T18:07:34.779+06:00  INFO 11104 --- [event_management_system] [  restartedMain] o.s.b.d.a.OptionalLiveReloadServer       : LiveReload server is running on port 35729
2025-12-10T18:07:34.792+06:00  INFO 11104 --- [event_management_system] [  restartedMain] o.s.b.w.embedded.tomcat.TomcatWebServer  : Tomcat started on port 8083 (http) with context path '/'
2025-12-10T18:07:34.796+06:00  INFO 11104 --- [event_management_system] [  restartedMain] c.e.EventManagementSystemApplication     : Started EventManagementSystemApplication in 1.582 seconds (process running for 664.552)
2025-12-10T18:07:34.797+06:00  INFO 11104 --- [event_management_system] [  restartedMain] .ConditionEvaluationDeltaLoggingListener : Condition evaluation unchanged
2025-12-10T18:07:48.644+06:00  INFO 11104 --- [event_management_system] [nio-8083-exec-1] o.a.c.c.C.[Tomcat].[localhost].[/]       : Initializing Spring DispatcherServlet 'dispatcherServlet'
2025-12-10T18:07:48.644+06:00  INFO 11104 --- [event_management_system] [nio-8083-exec-1] o.s.web.servlet.DispatcherServlet        : Initializing Servlet 'dispatcherServlet'
2025-12-10T18:07:48.645+06:00  INFO 11104 --- [event_management_system] [nio-8083-exec-1] o.s.web.servlet.DispatcherServlet        : Completed initialization in 1 ms
2025-12-10T18:07:48.649+06:00  WARN 11104 --- [event_management_system] [nio-8083-exec-1] c.e.service.TokenCacheService            : Token UUID not found in cache: 225ea780-919d-4181-baa7-f078c46df0c2 (user logged out or cache cleared)
2025-12-10T18:07:48.649+06:00  WARN 11104 --- [event_management_system] [nio-8083-exec-1] c.e.security.JwtAuthenticationFilter     : Token UUID not found in cache (user may have logged out): 225ea780-919d-4181-baa7-f078c46df0c2
2025-12-10T18:08:18.824+06:00  INFO 11104 --- [event_management_system] [nio-8083-exec-3] c.e.controller.AuthController            : Login attempt for email: superadmin@ems.com
2025-12-10T18:08:18.824+06:00  INFO 11104 --- [event_management_system] [nio-8083-exec-3] c.e.service.AuthService                  : Attempting authentication for email: superadmin@ems.com
Hibernate: select u1_0.id,u1_0.created_at,u1_0.created_by,u1_0.deleted,u1_0.email,u1_0.full_name,u1_0.password,u1_0.role_id,u1_0.status,u1_0.updated_at,u1_0.updated_by from app_users u1_0 where u1_0.email=?
Hibernate: select r1_0.id,r1_0.created_at,r1_0.created_by,r1_0.deleted,r1_0.name,rp1_0.role_id,rp1_0.permission_id,rp1_0.created_at,rp1_0.created_by,rp1_0.deleted,p1_0.id,p1_0.created_at,p1_0.created_by,p1_0.deleted,p1_0.description,p1_0.name,p1_0.status,p1_0.updated_at,p1_0.updated_by,rp1_0.status,rp1_0.updated_at,rp1_0.updated_by,r1_0.status,r1_0.updated_at,r1_0.updated_by from app_roles r1_0 left join role_permissions rp1_0 on r1_0.id=rp1_0.role_id left join app_permissions p1_0 on p1_0.id=rp1_0.permission_id where r1_0.id=?
2025-12-10T18:08:19.139+06:00  INFO 11104 --- [event_management_system] [nio-8083-exec-3] c.e.service.AuthService                  : Password validated successfully for user: 1
2025-12-10T18:08:19.141+06:00  INFO 11104 --- [event_management_system] [nio-8083-exec-3] c.e.service.JwtService                   : Generated token for user: 1 with UUID: 19cfa5a6-d842-4cf6-957d-d3a1a39ea979
2025-12-10T18:08:19.141+06:00  INFO 11104 --- [event_management_system] [nio-8083-exec-3] c.e.service.JwtService                   : Generated token for user: 1 with UUID: ed2ae2d2-c34a-4233-9e5a-08b3c39c787d
2025-12-10T18:08:19.142+06:00  INFO 11104 --- [event_management_system] [nio-8083-exec-3] c.e.service.AuthService                  : Tokens cached for user: 1
Hibernate: insert into user_login_logout_history (created_at,created_by,device_info,login_status,login_time,logout_time,request_from,request_ip,updated_at,user_id,user_token,user_type) values (?,?,?,?,?,?,?,?,?,?,?,?)
Hibernate: insert into user_activity_history (activity_date,activity_type_code,activity_type_name,created_by,created_date,description,device_id,ip,session_id,updated_by,updated_date,user_id,user_group,username) values (?,?,?,?,?,?,?,?,?,?,?,?,?,?)
2025-12-10T18:08:19.157+06:00  INFO 11104 --- [event_management_system] [nio-8083-exec-3] c.e.service.AuthService                  : Login history recorded for user: 1
2025-12-10T18:08:19.158+06:00  INFO 11104 --- [event_management_system] [nio-8083-exec-3] c.e.service.AuthService                  : Authentication successful for user: 1 (email: superadmin@ems.com)
2025-12-10T18:08:19.158+06:00  INFO 11104 --- [event_management_system] [nio-8083-exec-3] c.e.controller.AuthController            : Login successful for email: superadmin@ems.com
Hibernate: select u1_0.id,u1_0.created_at,u1_0.created_by,u1_0.deleted,u1_0.email,u1_0.full_name,u1_0.password,r1_0.id,r1_0.created_at,r1_0.created_by,r1_0.deleted,r1_0.name,rp1_0.role_id,rp1_0.permission_id,rp1_0.created_at,rp1_0.created_by,rp1_0.deleted,rp1_0.status,rp1_0.updated_at,rp1_0.updated_by,r1_0.status,r1_0.updated_at,r1_0.updated_by,u1_0.status,u1_0.updated_at,u1_0.updated_by from app_users u1_0 left join app_roles r1_0 on r1_0.id=u1_0.role_id left join role_permissions rp1_0 on r1_0.id=rp1_0.role_id where u1_0.id=?
Hibernate: select p1_0.id,p1_0.created_at,p1_0.created_by,p1_0.deleted,p1_0.description,p1_0.name,p1_0.status,p1_0.updated_at,p1_0.updated_by from app_permissions p1_0 where p1_0.id=?
Hibernate: select p1_0.id,p1_0.created_at,p1_0.created_by,p1_0.deleted,p1_0.description,p1_0.name,p1_0.status,p1_0.updated_at,p1_0.updated_by from app_permissions p1_0 where p1_0.id=?
Hibernate: select p1_0.id,p1_0.created_at,p1_0.created_by,p1_0.deleted,p1_0.description,p1_0.name,p1_0.status,p1_0.updated_at,p1_0.updated_by from app_permissions p1_0 where p1_0.id=?
Hibernate: select p1_0.id,p1_0.created_at,p1_0.created_by,p1_0.deleted,p1_0.description,p1_0.name,p1_0.status,p1_0.updated_at,p1_0.updated_by from app_permissions p1_0 where p1_0.id=?
Hibernate: select p1_0.id,p1_0.created_at,p1_0.created_by,p1_0.deleted,p1_0.description,p1_0.name,p1_0.status,p1_0.updated_at,p1_0.updated_by from app_permissions p1_0 where p1_0.id=?
2025-12-10T18:08:54.744+06:00  INFO 11104 --- [event_management_system] [nio-8083-exec-5] c.e.service.CustomUserDetailsService     : User found: superadmin@ems.com
2025-12-10T18:08:54.745+06:00  INFO 11104 --- [event_management_system] [nio-8083-exec-5] c.e.security.JwtAuthenticationFilter     : User loaded from database: superadmin@ems.com
2025-12-10T18:08:54.745+06:00  INFO 11104 --- [event_management_system] [nio-8083-exec-5] c.e.security.JwtAuthenticationFilter     : Request authenticated for user: superadmin@ems.com with 6 authorities
Hibernate: select u1_0.id,u1_0.created_at,u1_0.created_by,u1_0.deleted,u1_0.email,u1_0.full_name,u1_0.password,u1_0.role_id,u1_0.status,u1_0.updated_at,u1_0.updated_by from app_users u1_0 where u1_0.email=?
Hibernate: select r1_0.id,r1_0.created_at,r1_0.created_by,r1_0.deleted,r1_0.name,rp1_0.role_id,rp1_0.permission_id,rp1_0.created_at,rp1_0.created_by,rp1_0.deleted,p1_0.id,p1_0.created_at,p1_0.created_by,p1_0.deleted,p1_0.description,p1_0.name,p1_0.status,p1_0.updated_at,p1_0.updated_by,rp1_0.status,rp1_0.updated_at,rp1_0.updated_by,r1_0.status,r1_0.updated_at,r1_0.updated_by from app_roles r1_0 left join role_permissions rp1_0 on r1_0.id=rp1_0.role_id left join app_permissions p1_0 on p1_0.id=rp1_0.permission_id where r1_0.id=?
Hibernate: select u1_0.id,u1_0.created_at,u1_0.created_by,u1_0.deleted,u1_0.email,u1_0.full_name,u1_0.password,u1_0.role_id,u1_0.status,u1_0.updated_at,u1_0.updated_by from app_users u1_0 where u1_0.email=?
Hibernate: select r1_0.id,r1_0.created_at,r1_0.created_by,r1_0.deleted,r1_0.name,rp1_0.role_id,rp1_0.permission_id,rp1_0.created_at,rp1_0.created_by,rp1_0.deleted,p1_0.id,p1_0.created_at,p1_0.created_by,p1_0.deleted,p1_0.description,p1_0.name,p1_0.status,p1_0.updated_at,p1_0.updated_by,rp1_0.status,rp1_0.updated_at,rp1_0.updated_by,r1_0.status,r1_0.updated_at,r1_0.updated_by from app_roles r1_0 left join role_permissions rp1_0 on r1_0.id=rp1_0.role_id left join app_permissions p1_0 on p1_0.id=rp1_0.permission_id where r1_0.id=?
Hibernate: select u1_0.id,u1_0.created_at,u1_0.created_by,u1_0.deleted,u1_0.email,u1_0.full_name,u1_0.password,r1_0.id,r1_0.created_at,r1_0.created_by,r1_0.deleted,r1_0.name,rp1_0.role_id,rp1_0.permission_id,rp1_0.created_at,rp1_0.created_by,rp1_0.deleted,rp1_0.status,rp1_0.updated_at,rp1_0.updated_by,r1_0.status,r1_0.updated_at,r1_0.updated_by,u1_0.status,u1_0.updated_at,u1_0.updated_by from app_users u1_0 left join app_roles r1_0 on r1_0.id=u1_0.role_id left join role_permissions rp1_0 on r1_0.id=rp1_0.role_id where u1_0.id=?
Hibernate: select p1_0.id,p1_0.created_at,p1_0.created_by,p1_0.deleted,p1_0.description,p1_0.name,p1_0.status,p1_0.updated_at,p1_0.updated_by from app_permissions p1_0 where p1_0.id=?
Hibernate: select p1_0.id,p1_0.created_at,p1_0.created_by,p1_0.deleted,p1_0.description,p1_0.name,p1_0.status,p1_0.updated_at,p1_0.updated_by from app_permissions p1_0 where p1_0.id=?
Hibernate: select p1_0.id,p1_0.created_at,p1_0.created_by,p1_0.deleted,p1_0.description,p1_0.name,p1_0.status,p1_0.updated_at,p1_0.updated_by from app_permissions p1_0 where p1_0.id=?
Hibernate: select p1_0.id,p1_0.created_at,p1_0.created_by,p1_0.deleted,p1_0.description,p1_0.name,p1_0.status,p1_0.updated_at,p1_0.updated_by from app_permissions p1_0 where p1_0.id=?
Hibernate: select p1_0.id,p1_0.created_at,p1_0.created_by,p1_0.deleted,p1_0.description,p1_0.name,p1_0.status,p1_0.updated_at,p1_0.updated_by from app_permissions p1_0 where p1_0.id=?
2025-12-10T18:08:54.768+06:00  INFO 11104 --- [event_management_system] [nio-8083-exec-5] c.e.service.UserService                  : Checking permission 'history.view.all' for user 1
2025-12-10T18:08:54.768+06:00  INFO 11104 --- [event_management_system] [nio-8083-exec-5] c.e.service.UserService                  : User role: SuperAdmin
2025-12-10T18:08:54.768+06:00  INFO 11104 --- [event_management_system] [nio-8083-exec-5] c.e.service.UserService                  : User has 5 permissions: user.manage.all, event.manage.all, role.manage.all, system.config, history.view.all
2025-12-10T18:08:54.768+06:00  INFO 11104 --- [event_management_system] [nio-8083-exec-5] c.e.service.UserService                  : Has permission 'history.view.all': true
2025-12-10T18:08:54.769+06:00  INFO 11104 --- [event_management_system] [nio-8083-exec-5] c.e.controller.HistoryController         : Fetching login history for user: 1
Hibernate: select ullh1_0.id,ullh1_0.created_at,ullh1_0.created_by,ullh1_0.device_info,ullh1_0.login_status,ullh1_0.login_time,ullh1_0.logout_time,ullh1_0.request_from,ullh1_0.request_ip,ullh1_0.updated_at,ullh1_0.user_id,ullh1_0.user_token,ullh1_0.user_type from user_login_logout_history ullh1_0 left join app_users u1_0 on u1_0.id=ullh1_0.user_id where u1_0.id=?
Hibernate: select u1_0.id,u1_0.created_at,u1_0.created_by,u1_0.deleted,u1_0.email,u1_0.full_name,u1_0.password,r1_0.id,r1_0.created_at,r1_0.created_by,r1_0.deleted,r1_0.name,rp1_0.role_id,rp1_0.permission_id,rp1_0.created_at,rp1_0.created_by,rp1_0.deleted,rp1_0.status,rp1_0.updated_at,rp1_0.updated_by,r1_0.status,r1_0.updated_at,r1_0.updated_by,u1_0.status,u1_0.updated_at,u1_0.updated_by from app_users u1_0 left join app_roles r1_0 on r1_0.id=u1_0.role_id left join role_permissions rp1_0 on r1_0.id=rp1_0.role_id where u1_0.id=?
Hibernate: select p1_0.id,p1_0.created_at,p1_0.created_by,p1_0.deleted,p1_0.description,p1_0.name,p1_0.status,p1_0.updated_at,p1_0.updated_by from app_permissions p1_0 where p1_0.id=?
Hibernate: select p1_0.id,p1_0.created_at,p1_0.created_by,p1_0.deleted,p1_0.description,p1_0.name,p1_0.status,p1_0.updated_at,p1_0.updated_by from app_permissions p1_0 where p1_0.id=?
Hibernate: select p1_0.id,p1_0.created_at,p1_0.created_by,p1_0.deleted,p1_0.description,p1_0.name,p1_0.status,p1_0.updated_at,p1_0.updated_by from app_permissions p1_0 where p1_0.id=?
Hibernate: select p1_0.id,p1_0.created_at,p1_0.created_by,p1_0.deleted,p1_0.description,p1_0.name,p1_0.status,p1_0.updated_at,p1_0.updated_by from app_permissions p1_0 where p1_0.id=?
Hibernate: select p1_0.id,p1_0.created_at,p1_0.created_by,p1_0.deleted,p1_0.description,p1_0.name,p1_0.status,p1_0.updated_at,p1_0.updated_by from app_permissions p1_0 where p1_0.id=?
Hibernate: select u1_0.id,u1_0.created_at,u1_0.created_by,u1_0.deleted,u1_0.email,u1_0.full_name,u1_0.password,r1_0.id,r1_0.created_at,r1_0.created_by,r1_0.deleted,r1_0.name,rp1_0.role_id,rp1_0.permission_id,rp1_0.created_at,rp1_0.created_by,rp1_0.deleted,rp1_0.status,rp1_0.updated_at,rp1_0.updated_by,r1_0.status,r1_0.updated_at,r1_0.updated_by,u1_0.status,u1_0.updated_at,u1_0.updated_by from app_users u1_0 left join app_roles r1_0 on r1_0.id=u1_0.role_id left join role_permissions rp1_0 on r1_0.id=rp1_0.role_id where u1_0.id=?
Hibernate: select p1_0.id,p1_0.created_at,p1_0.created_by,p1_0.deleted,p1_0.description,p1_0.name,p1_0.status,p1_0.updated_at,p1_0.updated_by from app_permissions p1_0 where p1_0.id=?
Hibernate: select p1_0.id,p1_0.created_at,p1_0.created_by,p1_0.deleted,p1_0.description,p1_0.name,p1_0.status,p1_0.updated_at,p1_0.updated_by from app_permissions p1_0 where p1_0.id=?
Hibernate: select p1_0.id,p1_0.created_at,p1_0.created_by,p1_0.deleted,p1_0.description,p1_0.name,p1_0.status,p1_0.updated_at,p1_0.updated_by from app_permissions p1_0 where p1_0.id=?
Hibernate: select p1_0.id,p1_0.created_at,p1_0.created_by,p1_0.deleted,p1_0.description,p1_0.name,p1_0.status,p1_0.updated_at,p1_0.updated_by from app_permissions p1_0 where p1_0.id=?
Hibernate: select p1_0.id,p1_0.created_at,p1_0.created_by,p1_0.deleted,p1_0.description,p1_0.name,p1_0.status,p1_0.updated_at,p1_0.updated_by from app_permissions p1_0 where p1_0.id=?
2025-12-10T18:09:15.914+06:00  INFO 11104 --- [event_management_system] [nio-8083-exec-7] c.e.service.CustomUserDetailsService     : User found: superadmin@ems.com
2025-12-10T18:09:15.914+06:00  INFO 11104 --- [event_management_system] [nio-8083-exec-7] c.e.security.JwtAuthenticationFilter     : User loaded from database: superadmin@ems.com
2025-12-10T18:09:15.914+06:00  INFO 11104 --- [event_management_system] [nio-8083-exec-7] c.e.security.JwtAuthenticationFilter     : Request authenticated for user: superadmin@ems.com with 6 authorities
2025-12-10T18:09:15.916+06:00  INFO 11104 --- [event_management_system] [nio-8083-exec-7] c.e.controller.AuthController            : Logout request received
2025-12-10T18:09:15.916+06:00  INFO 11104 --- [event_management_system] [nio-8083-exec-7] c.e.service.AuthService                  : Attempting logout
2025-12-10T18:09:15.918+06:00  INFO 11104 --- [event_management_system] [nio-8083-exec-7] c.e.service.TokenCacheService            : Token UUID removed from cache (user logged out): 19cfa5a6-d842-4cf6-957d-d3a1a39ea979
Hibernate: select ullh1_0.id,ullh1_0.created_at,ullh1_0.created_by,ullh1_0.device_info,ullh1_0.login_status,ullh1_0.login_time,ullh1_0.logout_time,ullh1_0.request_from,ullh1_0.request_ip,ullh1_0.updated_at,ullh1_0.user_id,ullh1_0.user_token,ullh1_0.user_type from user_login_logout_history ullh1_0 where ullh1_0.user_token=?
Hibernate: update user_login_logout_history set created_by=?,device_info=?,login_status=?,login_time=?,logout_time=?,request_from=?,request_ip=?,updated_at=?,user_id=?,user_token=?,user_type=? where id=?
Hibernate: select u1_0.id,u1_0.created_at,u1_0.created_by,u1_0.deleted,u1_0.email,u1_0.full_name,u1_0.password,r1_0.id,r1_0.created_at,r1_0.created_by,r1_0.deleted,r1_0.name,rp1_0.role_id,rp1_0.permission_id,rp1_0.created_at,rp1_0.created_by,rp1_0.deleted,rp1_0.status,rp1_0.updated_at,rp1_0.updated_by,r1_0.status,r1_0.updated_at,r1_0.updated_by,u1_0.status,u1_0.updated_at,u1_0.updated_by from app_users u1_0 left join app_roles r1_0 on r1_0.id=u1_0.role_id left join role_permissions rp1_0 on r1_0.id=rp1_0.role_id where u1_0.id=?
Hibernate: select p1_0.id,p1_0.created_at,p1_0.created_by,p1_0.deleted,p1_0.description,p1_0.name,p1_0.status,p1_0.updated_at,p1_0.updated_by from app_permissions p1_0 where p1_0.id=?
Hibernate: select p1_0.id,p1_0.created_at,p1_0.created_by,p1_0.deleted,p1_0.description,p1_0.name,p1_0.status,p1_0.updated_at,p1_0.updated_by from app_permissions p1_0 where p1_0.id=?
Hibernate: select p1_0.id,p1_0.created_at,p1_0.created_by,p1_0.deleted,p1_0.description,p1_0.name,p1_0.status,p1_0.updated_at,p1_0.updated_by from app_permissions p1_0 where p1_0.id=?
Hibernate: select p1_0.id,p1_0.created_at,p1_0.created_by,p1_0.deleted,p1_0.description,p1_0.name,p1_0.status,p1_0.updated_at,p1_0.updated_by from app_permissions p1_0 where p1_0.id=?
Hibernate: select p1_0.id,p1_0.created_at,p1_0.created_by,p1_0.deleted,p1_0.description,p1_0.name,p1_0.status,p1_0.updated_at,p1_0.updated_by from app_permissions p1_0 where p1_0.id=?
Hibernate: insert into user_activity_history (activity_date,activity_type_code,activity_type_name,created_by,created_date,description,device_id,ip,session_id,updated_by,updated_date,user_id,user_group,username) values (?,?,?,?,?,?,?,?,?,?,?,?,?,?)
2025-12-10T18:09:15.941+06:00  INFO 11104 --- [event_management_system] [nio-8083-exec-7] c.e.service.AuthService                  : Logout activity recorded for user: 1
2025-12-10T18:09:15.941+06:00  INFO 11104 --- [event_management_system] [nio-8083-exec-7] c.e.service.AuthService                  : User logged out successfully, token UUID removed from cache
2025-12-10T18:09:15.941+06:00  INFO 11104 --- [event_management_system] [nio-8083-exec-7] c.e.controller.AuthController            : User logged out successfully
2025-12-10T18:09:50.095+06:00  INFO 11104 --- [event_management_system] [nio-8083-exec-9] c.e.controller.AuthController            : Login attempt for email: superadmin@ems.com
2025-12-10T18:09:50.095+06:00  INFO 11104 --- [event_management_system] [nio-8083-exec-9] c.e.service.AuthService                  : Attempting authentication for email: superadmin@ems.com
Hibernate: select u1_0.id,u1_0.created_at,u1_0.created_by,u1_0.deleted,u1_0.email,u1_0.full_name,u1_0.password,u1_0.role_id,u1_0.status,u1_0.updated_at,u1_0.updated_by from app_users u1_0 where u1_0.email=?
Hibernate: select r1_0.id,r1_0.created_at,r1_0.created_by,r1_0.deleted,r1_0.name,rp1_0.role_id,rp1_0.permission_id,rp1_0.created_at,rp1_0.created_by,rp1_0.deleted,p1_0.id,p1_0.created_at,p1_0.created_by,p1_0.deleted,p1_0.description,p1_0.name,p1_0.status,p1_0.updated_at,p1_0.updated_by,rp1_0.status,rp1_0.updated_at,rp1_0.updated_by,r1_0.status,r1_0.updated_at,r1_0.updated_by from app_roles r1_0 left join role_permissions rp1_0 on r1_0.id=rp1_0.role_id left join app_permissions p1_0 on p1_0.id=rp1_0.permission_id where r1_0.id=?
2025-12-10T18:09:50.367+06:00  INFO 11104 --- [event_management_system] [nio-8083-exec-9] c.e.service.AuthService                  : Password validated successfully for user: 1
2025-12-10T18:09:50.368+06:00  INFO 11104 --- [event_management_system] [nio-8083-exec-9] c.e.service.JwtService                   : Generated token for user: 1 with UUID: 09521fc3-5f12-4048-8fe6-580bfdd58157
2025-12-10T18:09:50.368+06:00  INFO 11104 --- [event_management_system] [nio-8083-exec-9] c.e.service.JwtService                   : Generated token for user: 1 with UUID: 6173ddfa-6d03-456f-bfba-d5e029f22380
2025-12-10T18:09:50.369+06:00  INFO 11104 --- [event_management_system] [nio-8083-exec-9] c.e.service.AuthService                  : Tokens cached for user: 1
Hibernate: insert into user_login_logout_history (created_at,created_by,device_info,login_status,login_time,logout_time,request_from,request_ip,updated_at,user_id,user_token,user_type) values (?,?,?,?,?,?,?,?,?,?,?,?)
Hibernate: insert into user_activity_history (activity_date,activity_type_code,activity_type_name,created_by,created_date,description,device_id,ip,session_id,updated_by,updated_date,user_id,user_group,username) values (?,?,?,?,?,?,?,?,?,?,?,?,?,?)
2025-12-10T18:09:50.380+06:00  INFO 11104 --- [event_management_system] [nio-8083-exec-9] c.e.service.AuthService                  : Login history recorded for user: 1
2025-12-10T18:09:50.380+06:00  INFO 11104 --- [event_management_system] [nio-8083-exec-9] c.e.service.AuthService                  : Authentication successful for user: 1 (email: superadmin@ems.com)
2025-12-10T18:09:50.380+06:00  INFO 11104 --- [event_management_system] [nio-8083-exec-9] c.e.controller.AuthController            : Login successful for email: superadmin@ems.com
Hibernate: select u1_0.id,u1_0.created_at,u1_0.created_by,u1_0.deleted,u1_0.email,u1_0.full_name,u1_0.password,r1_0.id,r1_0.created_at,r1_0.created_by,r1_0.deleted,r1_0.name,rp1_0.role_id,rp1_0.permission_id,rp1_0.created_at,rp1_0.created_by,rp1_0.deleted,rp1_0.status,rp1_0.updated_at,rp1_0.updated_by,r1_0.status,r1_0.updated_at,r1_0.updated_by,u1_0.status,u1_0.updated_at,u1_0.updated_by from app_users u1_0 left join app_roles r1_0 on r1_0.id=u1_0.role_id left join role_permissions rp1_0 on r1_0.id=rp1_0.role_id where u1_0.id=?
Hibernate: select p1_0.id,p1_0.created_at,p1_0.created_by,p1_0.deleted,p1_0.description,p1_0.name,p1_0.status,p1_0.updated_at,p1_0.updated_by from app_permissions p1_0 where p1_0.id=?
Hibernate: select p1_0.id,p1_0.created_at,p1_0.created_by,p1_0.deleted,p1_0.description,p1_0.name,p1_0.status,p1_0.updated_at,p1_0.updated_by from app_permissions p1_0 where p1_0.id=?
Hibernate: select p1_0.id,p1_0.created_at,p1_0.created_by,p1_0.deleted,p1_0.description,p1_0.name,p1_0.status,p1_0.updated_at,p1_0.updated_by from app_permissions p1_0 where p1_0.id=?
Hibernate: select p1_0.id,p1_0.created_at,p1_0.created_by,p1_0.deleted,p1_0.description,p1_0.name,p1_0.status,p1_0.updated_at,p1_0.updated_by from app_permissions p1_0 where p1_0.id=?
Hibernate: select p1_0.id,p1_0.created_at,p1_0.created_by,p1_0.deleted,p1_0.description,p1_0.name,p1_0.status,p1_0.updated_at,p1_0.updated_by from app_permissions p1_0 where p1_0.id=?
2025-12-10T18:10:12.088+06:00  INFO 11104 --- [event_management_system] [nio-8083-exec-1] c.e.service.CustomUserDetailsService     : User found: superadmin@ems.com
2025-12-10T18:10:12.088+06:00  INFO 11104 --- [event_management_system] [nio-8083-exec-1] c.e.security.JwtAuthenticationFilter     : User loaded from database: superadmin@ems.com
2025-12-10T18:10:12.088+06:00  INFO 11104 --- [event_management_system] [nio-8083-exec-1] c.e.security.JwtAuthenticationFilter     : Request authenticated for user: superadmin@ems.com with 6 authorities
Hibernate: select u1_0.id,u1_0.created_at,u1_0.created_by,u1_0.deleted,u1_0.email,u1_0.full_name,u1_0.password,u1_0.role_id,u1_0.status,u1_0.updated_at,u1_0.updated_by from app_users u1_0 where u1_0.email=?
Hibernate: select r1_0.id,r1_0.created_at,r1_0.created_by,r1_0.deleted,r1_0.name,rp1_0.role_id,rp1_0.permission_id,rp1_0.created_at,rp1_0.created_by,rp1_0.deleted,p1_0.id,p1_0.created_at,p1_0.created_by,p1_0.deleted,p1_0.description,p1_0.name,p1_0.status,p1_0.updated_at,p1_0.updated_by,rp1_0.status,rp1_0.updated_at,rp1_0.updated_by,r1_0.status,r1_0.updated_at,r1_0.updated_by from app_roles r1_0 left join role_permissions rp1_0 on r1_0.id=rp1_0.role_id left join app_permissions p1_0 on p1_0.id=rp1_0.permission_id where r1_0.id=?
Hibernate: select u1_0.id,u1_0.created_at,u1_0.created_by,u1_0.deleted,u1_0.email,u1_0.full_name,u1_0.password,u1_0.role_id,u1_0.status,u1_0.updated_at,u1_0.updated_by from app_users u1_0 where u1_0.email=?
Hibernate: select r1_0.id,r1_0.created_at,r1_0.created_by,r1_0.deleted,r1_0.name,rp1_0.role_id,rp1_0.permission_id,rp1_0.created_at,rp1_0.created_by,rp1_0.deleted,p1_0.id,p1_0.created_at,p1_0.created_by,p1_0.deleted,p1_0.description,p1_0.name,p1_0.status,p1_0.updated_at,p1_0.updated_by,rp1_0.status,rp1_0.updated_at,rp1_0.updated_by,r1_0.status,r1_0.updated_at,r1_0.updated_by from app_roles r1_0 left join role_permissions rp1_0 on r1_0.id=rp1_0.role_id left join app_permissions p1_0 on p1_0.id=rp1_0.permission_id where r1_0.id=?
Hibernate: select u1_0.id,u1_0.created_at,u1_0.created_by,u1_0.deleted,u1_0.email,u1_0.full_name,u1_0.password,r1_0.id,r1_0.created_at,r1_0.created_by,r1_0.deleted,r1_0.name,rp1_0.role_id,rp1_0.permission_id,rp1_0.created_at,rp1_0.created_by,rp1_0.deleted,rp1_0.status,rp1_0.updated_at,rp1_0.updated_by,r1_0.status,r1_0.updated_at,r1_0.updated_by,u1_0.status,u1_0.updated_at,u1_0.updated_by from app_users u1_0 left join app_roles r1_0 on r1_0.id=u1_0.role_id left join role_permissions rp1_0 on r1_0.id=rp1_0.role_id where u1_0.id=?
Hibernate: select p1_0.id,p1_0.created_at,p1_0.created_by,p1_0.deleted,p1_0.description,p1_0.name,p1_0.status,p1_0.updated_at,p1_0.updated_by from app_permissions p1_0 where p1_0.id=?
Hibernate: select p1_0.id,p1_0.created_at,p1_0.created_by,p1_0.deleted,p1_0.description,p1_0.name,p1_0.status,p1_0.updated_at,p1_0.updated_by from app_permissions p1_0 where p1_0.id=?
Hibernate: select p1_0.id,p1_0.created_at,p1_0.created_by,p1_0.deleted,p1_0.description,p1_0.name,p1_0.status,p1_0.updated_at,p1_0.updated_by from app_permissions p1_0 where p1_0.id=?
Hibernate: select p1_0.id,p1_0.created_at,p1_0.created_by,p1_0.deleted,p1_0.description,p1_0.name,p1_0.status,p1_0.updated_at,p1_0.updated_by from app_permissions p1_0 where p1_0.id=?
Hibernate: select p1_0.id,p1_0.created_at,p1_0.created_by,p1_0.deleted,p1_0.description,p1_0.name,p1_0.status,p1_0.updated_at,p1_0.updated_by from app_permissions p1_0 where p1_0.id=?
2025-12-10T18:10:12.112+06:00  INFO 11104 --- [event_management_system] [nio-8083-exec-1] c.e.service.UserService                  : Checking permission 'history.view.all' for user 1
2025-12-10T18:10:12.112+06:00  INFO 11104 --- [event_management_system] [nio-8083-exec-1] c.e.service.UserService                  : User role: SuperAdmin
2025-12-10T18:10:12.112+06:00  INFO 11104 --- [event_management_system] [nio-8083-exec-1] c.e.service.UserService                  : User has 5 permissions: user.manage.all, event.manage.all, role.manage.all, system.config, history.view.all
2025-12-10T18:10:12.113+06:00  INFO 11104 --- [event_management_system] [nio-8083-exec-1] c.e.service.UserService                  : Has permission 'history.view.all': true
2025-12-10T18:10:12.113+06:00  INFO 11104 --- [event_management_system] [nio-8083-exec-1] c.e.controller.HistoryController         : Fetching login history for user: 1
Hibernate: select ullh1_0.id,ullh1_0.created_at,ullh1_0.created_by,ullh1_0.device_info,ullh1_0.login_status,ullh1_0.login_time,ullh1_0.logout_time,ullh1_0.request_from,ullh1_0.request_ip,ullh1_0.updated_at,ullh1_0.user_id,ullh1_0.user_token,ullh1_0.user_type from user_login_logout_history ullh1_0 left join app_users u1_0 on u1_0.id=ullh1_0.user_id where u1_0.id=?
Hibernate: select u1_0.id,u1_0.created_at,u1_0.created_by,u1_0.deleted,u1_0.email,u1_0.full_name,u1_0.password,r1_0.id,r1_0.created_at,r1_0.created_by,r1_0.deleted,r1_0.name,rp1_0.role_id,rp1_0.permission_id,rp1_0.created_at,rp1_0.created_by,rp1_0.deleted,rp1_0.status,rp1_0.updated_at,rp1_0.updated_by,r1_0.status,r1_0.updated_at,r1_0.updated_by,u1_0.status,u1_0.updated_at,u1_0.updated_by from app_users u1_0 left join app_roles r1_0 on r1_0.id=u1_0.role_id left join role_permissions rp1_0 on r1_0.id=rp1_0.role_id where u1_0.id=?
Hibernate: select p1_0.id,p1_0.created_at,p1_0.created_by,p1_0.deleted,p1_0.description,p1_0.name,p1_0.status,p1_0.updated_at,p1_0.updated_by from app_permissions p1_0 where p1_0.id=?
Hibernate: select p1_0.id,p1_0.created_at,p1_0.created_by,p1_0.deleted,p1_0.description,p1_0.name,p1_0.status,p1_0.updated_at,p1_0.updated_by from app_permissions p1_0 where p1_0.id=?
Hibernate: select p1_0.id,p1_0.created_at,p1_0.created_by,p1_0.deleted,p1_0.description,p1_0.name,p1_0.status,p1_0.updated_at,p1_0.updated_by from app_permissions p1_0 where p1_0.id=?
Hibernate: select p1_0.id,p1_0.created_at,p1_0.created_by,p1_0.deleted,p1_0.description,p1_0.name,p1_0.status,p1_0.updated_at,p1_0.updated_by from app_permissions p1_0 where p1_0.id=?
Hibernate: select p1_0.id,p1_0.created_at,p1_0.created_by,p1_0.deleted,p1_0.description,p1_0.name,p1_0.status,p1_0.updated_at,p1_0.updated_by from app_permissions p1_0 where p1_0.id=?
2025-12-10T18:14:42.523+06:00  INFO 11104 --- [event_management_system] [   File Watcher] rtingClassPathChangeChangedEventListener : Restarting due to 75 class path changes (0 additions, 75 deletions, 0 modifications)
2025-12-10T18:14:42.525+06:00  INFO 11104 --- [event_management_system] [      Thread-15] o.s.b.w.e.tomcat.GracefulShutdown        : Commencing graceful shutdown. Waiting for active requests to complete
2025-12-10T18:14:42.533+06:00  INFO 11104 --- [event_management_system] [tomcat-shutdown] o.s.b.w.e.tomcat.GracefulShutdown        : Graceful shutdown complete
2025-12-10T18:14:42.536+06:00  INFO 11104 --- [event_management_system] [      Thread-15] j.LocalContainerEntityManagerFactoryBean : Closing JPA EntityManagerFactory for persistence unit 'default'
2025-12-10T18:14:42.536+06:00  INFO 11104 --- [event_management_system] [      Thread-15] com.zaxxer.hikari.HikariDataSource       : HikariPool-4 - Shutdown initiated...
2025-12-10T18:14:42.539+06:00  INFO 11104 --- [event_management_system] [      Thread-15] com.zaxxer.hikari.HikariDataSource       : HikariPool-4 - Shutdown completed.

  .   ____          _            __ _ _
 /\\ / ___'_ __ _ _(_)_ __  __ _ \ \ \ \
( ( )\___ | '_ | '_| | '_ \/ _` | \ \ \ \
 \\/  ___)| |_)| | | | | || (_| |  ) ) ) )
  '  |____| .__|_| |_|_| |_\__, | / / / /
 =========|_|==============|___/=/_/_/_/

 :: Spring Boot ::                (v3.5.3)

2025-12-10T18:14:42.633+06:00  INFO 11104 --- [event_management_system] [  restartedMain] c.e.EventManagementSystemApplication     : Starting EventManagementSystemApplication using Java 21.0.9 with PID 11104 (C:\Users\Shakib\IdeaProjects\event_management_system\target\classes started by Shakib in c:\Users\Shakib\IdeaProjects\event_management_system)
2025-12-10T18:14:42.633+06:00  INFO 11104 --- [event_management_system] [  restartedMain] c.e.EventManagementSystemApplication     : No active profile set, falling back to 1 default profile: "default"
2025-12-10T18:14:42.911+06:00  INFO 11104 --- [event_management_system] [  restartedMain] .s.d.r.c.RepositoryConfigurationDelegate : Bootstrapping Spring Data JPA repositories in DEFAULT mode.
2025-12-10T18:14:42.915+06:00  INFO 11104 --- [event_management_system] [  restartedMain] .s.d.r.c.RepositoryConfigurationDelegate : Finished Spring Data repository scanning in 3 ms. Found 0 JPA repository interfaces.
2025-12-10T18:14:43.015+06:00  INFO 11104 --- [event_management_system] [  restartedMain] o.s.b.w.embedded.tomcat.TomcatWebServer  : Tomcat initialized with port 8083 (http)
2025-12-10T18:14:43.017+06:00  INFO 11104 --- [event_management_system] [  restartedMain] o.apache.catalina.core.StandardService   : Starting service [Tomcat]
2025-12-10T18:14:43.017+06:00  INFO 11104 --- [event_management_system] [  restartedMain] o.apache.catalina.core.StandardEngine    : Starting Servlet engine: [Apache Tomcat/10.1.42]
2025-12-10T18:14:43.040+06:00  INFO 11104 --- [event_management_system] [  restartedMain] o.a.c.c.C.[Tomcat].[localhost].[/]       : Initializing Spring embedded WebApplicationContext
2025-12-10T18:14:43.040+06:00  INFO 11104 --- [event_management_system] [  restartedMain] w.s.c.ServletWebServerApplicationContext : Root WebApplicationContext: initialization completed in 405 ms
2025-12-10T18:14:43.079+06:00  INFO 11104 --- [event_management_system] [  restartedMain] o.hibernate.jpa.internal.util.LogHelper  : HHH000204: Processing PersistenceUnitInfo [name: default]
2025-12-10T18:14:43.082+06:00  INFO 11104 --- [event_management_system] [  restartedMain] o.h.c.internal.RegionFactoryInitiator    : HHH000026: Second-level cache disabled
2025-12-10T18:14:43.091+06:00  INFO 11104 --- [event_management_system] [  restartedMain] o.s.o.j.p.SpringPersistenceUnitInfo      : No LoadTimeWeaver setup: ignoring JPA class transformer
2025-12-10T18:14:43.092+06:00  INFO 11104 --- [event_management_system] [  restartedMain] com.zaxxer.hikari.HikariDataSource       : HikariPool-5 - Starting...
2025-12-10T18:14:43.096+06:00  INFO 11104 --- [event_management_system] [  restartedMain] com.zaxxer.hikari.pool.HikariPool        : HikariPool-5 - Added connection com.mysql.cj.jdbc.ConnectionImpl@2d495ef3
2025-12-10T18:14:43.097+06:00  INFO 11104 --- [event_management_system] [  restartedMain] com.zaxxer.hikari.HikariDataSource       : HikariPool-5 - Start completed.
2025-12-10T18:14:43.098+06:00  INFO 11104 --- [event_management_system] [  restartedMain] org.hibernate.orm.connections.pooling    : HHH10001005: Database info:
	Database JDBC URL [Connecting through datasource 'HikariDataSource (HikariPool-5)']
	Database driver: undefined/unknown
	Database version: 8.0.44
	Autocommit mode: undefined/unknown
	Isolation level: undefined/unknown
	Minimum pool size: undefined/unknown
	Maximum pool size: undefined/unknown
2025-12-10T18:14:43.116+06:00  INFO 11104 --- [event_management_system] [  restartedMain] o.h.e.t.j.p.i.JtaPlatformInitiator       : HHH000489: No JTA platform available (set 'hibernate.transaction.jta.platform' to enable JTA platform integration)
2025-12-10T18:14:43.116+06:00  INFO 11104 --- [event_management_system] [  restartedMain] j.LocalContainerEntityManagerFactoryBean : Initialized JPA EntityManagerFactory for persistence unit 'default'
2025-12-10T18:14:43.285+06:00  INFO 11104 --- [event_management_system] [  restartedMain] o.s.b.d.a.OptionalLiveReloadServer       : LiveReload server is running on port 35729
2025-12-10T18:14:43.299+06:00  INFO 11104 --- [event_management_system] [  restartedMain] o.s.b.w.embedded.tomcat.TomcatWebServer  : Tomcat started on port 8083 (http) with context path '/'
2025-12-10T18:14:43.304+06:00  INFO 11104 --- [event_management_system] [  restartedMain] c.e.EventManagementSystemApplication     : Started EventManagementSystemApplication in 0.699 seconds (process running for 1093.063)
2025-12-10T18:14:43.308+06:00  INFO 11104 --- [event_management_system] [  restartedMain] .ConditionEvaluationDeltaLoggingListener : Condition evaluation delta:


==========================
CONDITION EVALUATION DELTA
==========================


Positive matches:
-----------------

    None


Negative matches:
-----------------

   SecurityFilterAutoConfiguration#securityFilterChainRegistration:
      Did not match:
         - @ConditionalOnBean (names: springSecurityFilterChain; SearchStrategy: all) did not find any beans named springSecurityFilterChain (OnBeanCondition)


Exclusions:
-----------

    None


Unconditional classes:
----------------------

    None



2025-12-10T18:14:47.017+06:00  INFO 11104 --- [event_management_system] [   File Watcher] rtingClassPathChangeChangedEventListener : Restarting due to 77 class path changes (75 additions, 0 deletions, 2 modifications)
2025-12-10T18:14:47.019+06:00  INFO 11104 --- [event_management_system] [      Thread-19] o.s.b.w.e.tomcat.GracefulShutdown        : Commencing graceful shutdown. Waiting for active requests to complete
2025-12-10T18:14:47.026+06:00  INFO 11104 --- [event_management_system] [tomcat-shutdown] o.s.b.w.e.tomcat.GracefulShutdown        : Graceful shutdown complete
2025-12-10T18:14:47.027+06:00  INFO 11104 --- [event_management_system] [      Thread-19] j.LocalContainerEntityManagerFactoryBean : Closing JPA EntityManagerFactory for persistence unit 'default'
2025-12-10T18:14:47.029+06:00  INFO 11104 --- [event_management_system] [      Thread-19] com.zaxxer.hikari.HikariDataSource       : HikariPool-5 - Shutdown initiated...
2025-12-10T18:14:47.030+06:00  INFO 11104 --- [event_management_system] [      Thread-19] com.zaxxer.hikari.HikariDataSource       : HikariPool-5 - Shutdown completed.

  .   ____          _            __ _ _
 /\\ / ___'_ __ _ _(_)_ __  __ _ \ \ \ \
( ( )\___ | '_ | '_| | '_ \/ _` | \ \ \ \
 \\/  ___)| |_)| | | | | || (_| |  ) ) ) )
  '  |____| .__|_| |_|_| |_\__, | / / / /
 =========|_|==============|___/=/_/_/_/

 :: Spring Boot ::                (v3.5.3)

2025-12-10T18:14:47.123+06:00  INFO 11104 --- [event_management_system] [  restartedMain] c.e.EventManagementSystemApplication     : Starting EventManagementSystemApplication using Java 21.0.9 with PID 11104 (c:\Users\Shakib\IdeaProjects\event_management_system\target\classes started by Shakib in c:\Users\Shakib\IdeaProjects\event_management_system)
2025-12-10T18:14:47.124+06:00  INFO 11104 --- [event_management_system] [  restartedMain] c.e.EventManagementSystemApplication     : No active profile set, falling back to 1 default profile: "default"
2025-12-10T18:14:47.367+06:00  INFO 11104 --- [event_management_system] [  restartedMain] .s.d.r.c.RepositoryConfigurationDelegate : Bootstrapping Spring Data JPA repositories in DEFAULT mode.
2025-12-10T18:14:47.392+06:00  INFO 11104 --- [event_management_system] [  restartedMain] .s.d.r.c.RepositoryConfigurationDelegate : Finished Spring Data repository scanning in 24 ms. Found 8 JPA repository interfaces.
2025-12-10T18:14:47.484+06:00  INFO 11104 --- [event_management_system] [  restartedMain] o.s.b.w.embedded.tomcat.TomcatWebServer  : Tomcat initialized with port 8083 (http)
2025-12-10T18:14:47.485+06:00  INFO 11104 --- [event_management_system] [  restartedMain] o.apache.catalina.core.StandardService   : Starting service [Tomcat]
2025-12-10T18:14:47.485+06:00  INFO 11104 --- [event_management_system] [  restartedMain] o.apache.catalina.core.StandardEngine    : Starting Servlet engine: [Apache Tomcat/10.1.42]
2025-12-10T18:14:47.502+06:00  INFO 11104 --- [event_management_system] [  restartedMain] o.a.c.c.C.[Tomcat].[localhost].[/]       : Initializing Spring embedded WebApplicationContext
2025-12-10T18:14:47.502+06:00  INFO 11104 --- [event_management_system] [  restartedMain] w.s.c.ServletWebServerApplicationContext : Root WebApplicationContext: initialization completed in 376 ms
2025-12-10T18:14:47.536+06:00  INFO 11104 --- [event_management_system] [  restartedMain] o.hibernate.jpa.internal.util.LogHelper  : HHH000204: Processing PersistenceUnitInfo [name: default]
2025-12-10T18:14:47.538+06:00  INFO 11104 --- [event_management_system] [  restartedMain] o.h.c.internal.RegionFactoryInitiator    : HHH000026: Second-level cache disabled
2025-12-10T18:14:47.545+06:00  INFO 11104 --- [event_management_system] [  restartedMain] o.s.o.j.p.SpringPersistenceUnitInfo      : No LoadTimeWeaver setup: ignoring JPA class transformer
2025-12-10T18:14:47.546+06:00  INFO 11104 --- [event_management_system] [  restartedMain] com.zaxxer.hikari.HikariDataSource       : HikariPool-6 - Starting...
2025-12-10T18:14:47.549+06:00  INFO 11104 --- [event_management_system] [  restartedMain] com.zaxxer.hikari.pool.HikariPool        : HikariPool-6 - Added connection com.mysql.cj.jdbc.ConnectionImpl@1f318acd
2025-12-10T18:14:47.550+06:00  INFO 11104 --- [event_management_system] [  restartedMain] com.zaxxer.hikari.HikariDataSource       : HikariPool-6 - Start completed.
2025-12-10T18:14:47.551+06:00  INFO 11104 --- [event_management_system] [  restartedMain] org.hibernate.orm.connections.pooling    : HHH10001005: Database info:
	Database JDBC URL [Connecting through datasource 'HikariDataSource (HikariPool-6)']
	Database driver: undefined/unknown
	Database version: 8.0.44
	Autocommit mode: undefined/unknown
	Isolation level: undefined/unknown
	Minimum pool size: undefined/unknown
	Maximum pool size: undefined/unknown
2025-12-10T18:14:47.803+06:00  INFO 11104 --- [event_management_system] [  restartedMain] o.h.e.t.j.p.i.JtaPlatformInitiator       : HHH000489: No JTA platform available (set 'hibernate.transaction.jta.platform' to enable JTA platform integration)
Hibernate: alter table app_events modify column status enum ('ACTIVE','INACTIVE','OFF') not null
Hibernate: alter table app_events modify column visibility enum ('INVITE_ONLY','PRIVATE','PUBLIC') not null
Hibernate: alter table app_permissions modify column status enum ('ACTIVE','INACTIVE','OFF') not null
Hibernate: alter table app_roles modify column status enum ('ACTIVE','INACTIVE','OFF') not null
Hibernate: alter table app_users modify column status enum ('ACTIVE','INACTIVE','OFF') not null
Hibernate: alter table role_permissions modify column status enum ('ACTIVE','INACTIVE','OFF') not null
2025-12-10T18:14:47.943+06:00  INFO 11104 --- [event_management_system] [  restartedMain] j.LocalContainerEntityManagerFactoryBean : Initialized JPA EntityManagerFactory for persistence unit 'default'
Hibernate: select count(*) from app_permissions p1_0
Hibernate: select count(*) from app_roles r1_0
Hibernate: select count(*) from app_users u1_0
2025-12-10T18:14:48.505+06:00  INFO 11104 --- [event_management_system] [  restartedMain] r$InitializeUserDetailsManagerConfigurer : Global AuthenticationManager configured with UserDetailsService bean with name customUserDetailsService
2025-12-10T18:14:48.665+06:00  INFO 11104 --- [event_management_system] [  restartedMain] o.s.b.d.a.OptionalLiveReloadServer       : LiveReload server is running on port 35729
2025-12-10T18:14:48.677+06:00  INFO 11104 --- [event_management_system] [  restartedMain] o.s.b.w.embedded.tomcat.TomcatWebServer  : Tomcat started on port 8083 (http) with context path '/'
2025-12-10T18:14:48.680+06:00  INFO 11104 --- [event_management_system] [  restartedMain] c.e.EventManagementSystemApplication     : Started EventManagementSystemApplication in 1.582 seconds (process running for 1098.439)
2025-12-10T18:14:48.682+06:00  INFO 11104 --- [event_management_system] [  restartedMain] .ConditionEvaluationDeltaLoggingListener : Condition evaluation delta:


==========================
CONDITION EVALUATION DELTA
==========================


Positive matches:
-----------------

   SecurityFilterAutoConfiguration#securityFilterChainRegistration matched:
      - @ConditionalOnBean (names: springSecurityFilterChain; SearchStrategy: all) found bean 'springSecurityFilterChain' (OnBeanCondition)


Negative matches:
-----------------

    None


Exclusions:
-----------

    None


Unconditional classes:
----------------------

    None



